[ 2016-04-05T23:16:58+08:00 ] 0.0.0.0 /cjxy/zspt.php/Std/dolinkage?trigger=f_pmj_bxxsid&f_std_sttid=1&f_std_grdid=5&f_stdxqpmj_xqid=5&f_pmj_bxxsid=4
INFO: [ route_check ] --START--
INFO: CheckRoute Behavior ::run [ RunTime:0.004624s ]
INFO: [ route_check ] --END-- [ RunTime:0.004733s ]
NOTIC: [8192] preg_replace(): The /e modifier is deprecated, use preg_replace_callback instead C:\UPUPW_AP5.5\htdocs\cjxy\ThinkPHP\Lib\Core\Dispatcher.class.php 第 132 行.
INFO: [ app_begin ] --START--
INFO: ReadHtmlCache Behavior ::run [ RunTime:0.003675s ]
INFO: [ app_begin ] --END-- [ RunTime:0.003776s ]
NOTIC: [8192] mysql_connect(): The mysql extension is deprecated and will be removed in the future: use mysqli or PDO instead C:\UPUPW_AP5.5\htdocs\cjxy\ThinkPHP\Lib\Driver\Db\DbMysql.class.php 第 55 行.
SQL: SHOW COLUMNS FROM `tb_grd` [ RunTime:0.005564s ]
NOTIC: [8192] preg_replace(): The /e modifier is deprecated, use preg_replace_callback instead C:\UPUPW_AP5.5\htdocs\cjxy\ThinkPHP\Lib\Core\Db.class.php 第 604 行.
SQL: SELECT * FROM `tb_grd` WHERE ( grdid=5 ) LIMIT 1   [ RunTime:0.000403s ]
NOTIC: [8] Undefined index: f_pmj_ccid C:\UPUPW_AP5.5\htdocs\cjxy\zspt\Lib\Model\StdModel.class.php 第 173 行.
NOTIC: [8] Undefined index: f_pmj_klid C:\UPUPW_AP5.5\htdocs\cjxy\zspt\Lib\Model\StdModel.class.php 第 173 行.
NOTIC: [8] Undefined index: f_pmj_xxxsid C:\UPUPW_AP5.5\htdocs\cjxy\zspt\Lib\Model\StdModel.class.php 第 173 行.
NOTIC: [8] Undefined index: f_pmj_zsfwid C:\UPUPW_AP5.5\htdocs\cjxy\zspt\Lib\Model\StdModel.class.php 第 173 行.
NOTIC: [8] Undefined index: f_pmj_xzid C:\UPUPW_AP5.5\htdocs\cjxy\zspt\Lib\Model\StdModel.class.php 第 173 行.
SQL: SHOW COLUMNS FROM `tb_2016_pmj` [ RunTime:0.004932s ]
NOTIC: [8192] preg_replace(): The /e modifier is deprecated, use preg_replace_callback instead C:\UPUPW_AP5.5\htdocs\cjxy\ThinkPHP\Lib\Core\Db.class.php 第 604 行.
SQL: SELECT * FROM `tb_2016_pmj` LEFT JOIN tb_bxxs ON f_pmj_bxxsid=bxxsid LEFT JOIN tb_mj ON f_pmj_mjid=mjid WHERE ( 1=1 AND f_pmj_grdid=5 AND f_pmj_bxxsid=4 AND f_pmj_sttid=1 ) ORDER BY bxxsnm ASC,mjnm ASC  [ RunTime:0.005588s ]

[ 2016-04-05T23:17:02+08:00 ] 0.0.0.0 /cjxy/zspt.php/Std/doadd?stdid=0&f_std_grdid=5&f_std_sttid=1&f_std_statid=0&stdaplno=&stdno=&stdupfnctm=&stdnm=%E5%AD%99%E6%B5%8B%E8%AF%95IV&stdpw=0&stdpt=%2Fcjxy%2FPublic%2Fimg%2Fusr%2Fdefault.jpg&f_std_sexid=1&f_std_rcid=1&f_std_zzmmid=1&stdnp=%E6%B9%96%E5%B7%9E&stdbtd=1987-11-19&stdsol=%E6%97%A0&stdcee=&stdsog=&stdqq=&f_std_xlid=0&stdidcd=33050119871116081x&stdcp=14444444444&stdrlta=%E7%88%B6%E5%AD%90&stdrltanm=%E5%AD%99%E8%AE%BA%E8%AF%AD&stdrltaocpt=%E6%B0%B4%E6%B3%A5%E5%8E%82&stdrltacp=13333333333&stdrltb=&stdrltbnm=&stdrltbocpt=&stdrltbcp=&stdhb=&stdpst=&stdads=%E6%84%8F%E5%A4%A7%E5%88%A9&stdmdftm=0&stdaddtm=0&stdtlp=&stdpertm=&stdertm=0&stdicbc=0&stdrcmdnm=&stdrcmdcp=&stdpnttm=0&f_stdxqpmj_pmjid=9&f_stdxqpmj_xqid=5
INFO: [ route_check ] --START--
INFO: CheckRoute Behavior ::run [ RunTime:0.004449s ]
INFO: [ route_check ] --END-- [ RunTime:0.004584s ]
NOTIC: [8192] preg_replace(): The /e modifier is deprecated, use preg_replace_callback instead C:\UPUPW_AP5.5\htdocs\cjxy\ThinkPHP\Lib\Core\Dispatcher.class.php 第 132 行.
INFO: [ app_begin ] --START--
INFO: ReadHtmlCache Behavior ::run [ RunTime:0.005199s ]
INFO: [ app_begin ] --END-- [ RunTime:0.005284s ]
NOTIC: [8192] mysql_connect(): The mysql extension is deprecated and will be removed in the future: use mysqli or PDO instead C:\UPUPW_AP5.5\htdocs\cjxy\ThinkPHP\Lib\Driver\Db\DbMysql.class.php 第 55 行.
SQL: SHOW COLUMNS FROM `tb_grd` [ RunTime:0.005582s ]
NOTIC: [8192] preg_replace(): The /e modifier is deprecated, use preg_replace_callback instead C:\UPUPW_AP5.5\htdocs\cjxy\ThinkPHP\Lib\Core\Db.class.php 第 604 行.
SQL: SELECT * FROM `tb_grd` WHERE ( grdid=5 ) LIMIT 1   [ RunTime:0.000349s ]
SQL: SHOW COLUMNS FROM `tb_2016_std` [ RunTime:0.005587s ]
NOTIC: [8192] preg_replace(): The /e modifier is deprecated, use preg_replace_callback instead C:\UPUPW_AP5.5\htdocs\cjxy\ThinkPHP\Lib\Core\Db.class.php 第 604 行.
SQL: SELECT * FROM `tb_grd` WHERE ( grdid=5 ) LIMIT 1   [ RunTime:0.000395s ]
SQL: SHOW COLUMNS FROM `tb_2016_pmj` [ RunTime:0.005906s ]
NOTIC: [8192] preg_replace(): The /e modifier is deprecated, use preg_replace_callback instead C:\UPUPW_AP5.5\htdocs\cjxy\ThinkPHP\Lib\Core\Db.class.php 第 604 行.
SQL: SELECT * FROM `tb_2016_pmj` LEFT JOIN tb_bxxs ON f_pmj_bxxsid=bxxsid WHERE ( pmjid=9 ) LIMIT 1   [ RunTime:0.000381s ]
NOTIC: [8192] preg_replace(): The /e modifier is deprecated, use preg_replace_callback instead C:\UPUPW_AP5.5\htdocs\cjxy\ThinkPHP\Lib\Core\Db.class.php 第 604 行.
SQL: SELECT * FROM `tb_grd` WHERE ( grdid=5 ) LIMIT 1   [ RunTime:0.000204s ]
NOTIC: [8192] preg_replace(): The /e modifier is deprecated, use preg_replace_callback instead C:\UPUPW_AP5.5\htdocs\cjxy\ThinkPHP\Lib\Core\Db.class.php 第 604 行.
SQL: SELECT * FROM `tb_2016_std` WHERE ( stdaplno LIKE '%J2016%' ) ORDER BY stdaplno DESC LIMIT 1   [ RunTime:0.000410s ]
NOTIC: [8192] preg_replace(): The /e modifier is deprecated, use preg_replace_callback instead C:\UPUPW_AP5.5\htdocs\cjxy\ThinkPHP\Lib\Core\Db.class.php 第 604 行.
SQL: SELECT * FROM `tb_grd` WHERE ( grdid=5 ) LIMIT 1   [ RunTime:0.000186s ]
NOTIC: [8192] preg_replace(): The /e modifier is deprecated, use preg_replace_callback instead C:\UPUPW_AP5.5\htdocs\cjxy\ThinkPHP\Lib\Core\Db.class.php 第 604 行.
SQL: SELECT * FROM `tb_2016_std` WHERE ( stdidcd='33050119871116081X' ) LIMIT 1   [ RunTime:0.000375s ]

[ 2016-04-05T23:17:15+08:00 ] 0.0.0.0 /cjxy/zspt.php/Std/doadd?stdid=0&f_std_grdid=5&f_std_sttid=1&f_std_statid=0&stdaplno=&stdno=&stdupfnctm=&stdnm=%E5%AD%99%E6%B5%8B%E8%AF%95IV&stdpw=0&stdpt=%2Fcjxy%2FPublic%2Fimg%2Fusr%2Fdefault.jpg&f_std_sexid=1&f_std_rcid=1&f_std_zzmmid=1&stdnp=%E6%B9%96%E5%B7%9E&stdbtd=1987-11-19&stdsol=%E6%97%A0&stdcee=&stdsog=&stdqq=&f_std_xlid=0&stdidcd=33050119881116081x&stdcp=14444444444&stdrlta=%E7%88%B6%E5%AD%90&stdrltanm=%E5%AD%99%E8%AE%BA%E8%AF%AD&stdrltaocpt=%E6%B0%B4%E6%B3%A5%E5%8E%82&stdrltacp=13333333333&stdrltb=&stdrltbnm=&stdrltbocpt=&stdrltbcp=&stdhb=&stdpst=&stdads=%E6%84%8F%E5%A4%A7%E5%88%A9&stdmdftm=0&stdaddtm=0&stdtlp=&stdpertm=&stdertm=0&stdicbc=0&stdrcmdnm=&stdrcmdcp=&stdpnttm=0&f_stdxqpmj_pmjid=9&f_stdxqpmj_xqid=5
INFO: [ route_check ] --START--
INFO: CheckRoute Behavior ::run [ RunTime:0.006525s ]
INFO: [ route_check ] --END-- [ RunTime:0.006661s ]
NOTIC: [8192] preg_replace(): The /e modifier is deprecated, use preg_replace_callback instead C:\UPUPW_AP5.5\htdocs\cjxy\ThinkPHP\Lib\Core\Dispatcher.class.php 第 132 行.
INFO: [ app_begin ] --START--
INFO: ReadHtmlCache Behavior ::run [ RunTime:0.003537s ]
INFO: [ app_begin ] --END-- [ RunTime:0.003621s ]
NOTIC: [8192] mysql_connect(): The mysql extension is deprecated and will be removed in the future: use mysqli or PDO instead C:\UPUPW_AP5.5\htdocs\cjxy\ThinkPHP\Lib\Driver\Db\DbMysql.class.php 第 55 行.
SQL: SHOW COLUMNS FROM `tb_grd` [ RunTime:0.007051s ]
NOTIC: [8192] preg_replace(): The /e modifier is deprecated, use preg_replace_callback instead C:\UPUPW_AP5.5\htdocs\cjxy\ThinkPHP\Lib\Core\Db.class.php 第 604 行.
SQL: SELECT * FROM `tb_grd` WHERE ( grdid=5 ) LIMIT 1   [ RunTime:0.000357s ]
SQL: SHOW COLUMNS FROM `tb_2016_std` [ RunTime:0.007126s ]
NOTIC: [8192] preg_replace(): The /e modifier is deprecated, use preg_replace_callback instead C:\UPUPW_AP5.5\htdocs\cjxy\ThinkPHP\Lib\Core\Db.class.php 第 604 行.
SQL: SELECT * FROM `tb_grd` WHERE ( grdid=5 ) LIMIT 1   [ RunTime:0.000467s ]
SQL: SHOW COLUMNS FROM `tb_2016_pmj` [ RunTime:0.006785s ]
NOTIC: [8192] preg_replace(): The /e modifier is deprecated, use preg_replace_callback instead C:\UPUPW_AP5.5\htdocs\cjxy\ThinkPHP\Lib\Core\Db.class.php 第 604 行.
SQL: SELECT * FROM `tb_2016_pmj` LEFT JOIN tb_bxxs ON f_pmj_bxxsid=bxxsid WHERE ( pmjid=9 ) LIMIT 1   [ RunTime:0.000558s ]
NOTIC: [8192] preg_replace(): The /e modifier is deprecated, use preg_replace_callback instead C:\UPUPW_AP5.5\htdocs\cjxy\ThinkPHP\Lib\Core\Db.class.php 第 604 行.
SQL: SELECT * FROM `tb_grd` WHERE ( grdid=5 ) LIMIT 1   [ RunTime:0.000276s ]
NOTIC: [8192] preg_replace(): The /e modifier is deprecated, use preg_replace_callback instead C:\UPUPW_AP5.5\htdocs\cjxy\ThinkPHP\Lib\Core\Db.class.php 第 604 行.
SQL: SELECT * FROM `tb_2016_std` WHERE ( stdaplno LIKE '%J2016%' ) ORDER BY stdaplno DESC LIMIT 1   [ RunTime:0.000540s ]
NOTIC: [8192] preg_replace(): The /e modifier is deprecated, use preg_replace_callback instead C:\UPUPW_AP5.5\htdocs\cjxy\ThinkPHP\Lib\Core\Db.class.php 第 604 行.
SQL: SELECT * FROM `tb_grd` WHERE ( grdid=5 ) LIMIT 1   [ RunTime:0.000225s ]
NOTIC: [8192] preg_replace(): The /e modifier is deprecated, use preg_replace_callback instead C:\UPUPW_AP5.5\htdocs\cjxy\ThinkPHP\Lib\Core\Db.class.php 第 604 行.
SQL: SELECT * FROM `tb_2016_std` WHERE ( stdidcd='33050119881116081X' ) LIMIT 1   [ RunTime:0.000546s ]

[ 2016-04-05T23:17:32+08:00 ] 0.0.0.0 /cjxy/zspt.php/Std/doadd?stdid=0&f_std_grdid=5&f_std_sttid=1&f_std_statid=0&stdaplno=&stdno=&stdupfnctm=&stdnm=%E5%AD%99%E6%B5%8B%E8%AF%95IV&stdpw=0&stdpt=%2Fcjxy%2FPublic%2Fimg%2Fusr%2Fdefault.jpg&f_std_sexid=1&f_std_rcid=1&f_std_zzmmid=1&stdnp=%E6%B9%96%E5%B7%9E&stdbtd=1988-11-16&stdsol=%E6%97%A0&stdcee=&stdsog=&stdqq=&f_std_xlid=0&stdidcd=33050119881116081x&stdcp=14444444444&stdrlta=%E7%88%B6%E5%AD%90&stdrltanm=%E5%AD%99%E8%AE%BA%E8%AF%AD&stdrltaocpt=%E6%B0%B4%E6%B3%A5%E5%8E%82&stdrltacp=13333333333&stdrltb=&stdrltbnm=&stdrltbocpt=&stdrltbcp=&stdhb=&stdpst=&stdads=%E6%84%8F%E5%A4%A7%E5%88%A9&stdmdftm=0&stdaddtm=0&stdtlp=&stdpertm=&stdertm=0&stdicbc=0&stdrcmdnm=&stdrcmdcp=&stdpnttm=0&f_stdxqpmj_pmjid=9&f_stdxqpmj_xqid=5
INFO: [ route_check ] --START--
INFO: CheckRoute Behavior ::run [ RunTime:0.005918s ]
INFO: [ route_check ] --END-- [ RunTime:0.006150s ]
NOTIC: [8192] preg_replace(): The /e modifier is deprecated, use preg_replace_callback instead C:\UPUPW_AP5.5\htdocs\cjxy\ThinkPHP\Lib\Core\Dispatcher.class.php 第 132 行.
INFO: [ app_begin ] --START--
INFO: ReadHtmlCache Behavior ::run [ RunTime:0.005243s ]
INFO: [ app_begin ] --END-- [ RunTime:0.005398s ]
NOTIC: [8192] mysql_connect(): The mysql extension is deprecated and will be removed in the future: use mysqli or PDO instead C:\UPUPW_AP5.5\htdocs\cjxy\ThinkPHP\Lib\Driver\Db\DbMysql.class.php 第 55 行.
SQL: SHOW COLUMNS FROM `tb_grd` [ RunTime:0.097688s ]
NOTIC: [8192] preg_replace(): The /e modifier is deprecated, use preg_replace_callback instead C:\UPUPW_AP5.5\htdocs\cjxy\ThinkPHP\Lib\Core\Db.class.php 第 604 行.
SQL: SELECT * FROM `tb_grd` WHERE ( grdid=5 ) LIMIT 1   [ RunTime:0.000413s ]
SQL: SHOW COLUMNS FROM `tb_2016_std` [ RunTime:0.005495s ]
NOTIC: [8192] preg_replace(): The /e modifier is deprecated, use preg_replace_callback instead C:\UPUPW_AP5.5\htdocs\cjxy\ThinkPHP\Lib\Core\Db.class.php 第 604 行.
SQL: SELECT * FROM `tb_grd` WHERE ( grdid=5 ) LIMIT 1   [ RunTime:0.000519s ]
SQL: SHOW COLUMNS FROM `tb_2016_pmj` [ RunTime:0.006771s ]
NOTIC: [8192] preg_replace(): The /e modifier is deprecated, use preg_replace_callback instead C:\UPUPW_AP5.5\htdocs\cjxy\ThinkPHP\Lib\Core\Db.class.php 第 604 行.
SQL: SELECT * FROM `tb_2016_pmj` LEFT JOIN tb_bxxs ON f_pmj_bxxsid=bxxsid WHERE ( pmjid=9 ) LIMIT 1   [ RunTime:0.000472s ]
NOTIC: [8192] preg_replace(): The /e modifier is deprecated, use preg_replace_callback instead C:\UPUPW_AP5.5\htdocs\cjxy\ThinkPHP\Lib\Core\Db.class.php 第 604 行.
SQL: SELECT * FROM `tb_grd` WHERE ( grdid=5 ) LIMIT 1   [ RunTime:0.000239s ]
NOTIC: [8192] preg_replace(): The /e modifier is deprecated, use preg_replace_callback instead C:\UPUPW_AP5.5\htdocs\cjxy\ThinkPHP\Lib\Core\Db.class.php 第 604 行.
SQL: SELECT * FROM `tb_2016_std` WHERE ( stdaplno LIKE '%J2016%' ) ORDER BY stdaplno DESC LIMIT 1   [ RunTime:0.000476s ]
NOTIC: [8192] preg_replace(): The /e modifier is deprecated, use preg_replace_callback instead C:\UPUPW_AP5.5\htdocs\cjxy\ThinkPHP\Lib\Core\Db.class.php 第 604 行.
SQL: SELECT * FROM `tb_grd` WHERE ( grdid=5 ) LIMIT 1   [ RunTime:0.000242s ]
NOTIC: [8192] preg_replace(): The /e modifier is deprecated, use preg_replace_callback instead C:\UPUPW_AP5.5\htdocs\cjxy\ThinkPHP\Lib\Core\Db.class.php 第 604 行.
SQL: SELECT * FROM `tb_2016_std` WHERE ( stdidcd='33050119881116081X' ) LIMIT 1   [ RunTime:0.000393s ]
SQL: INSERT INTO `tb_2016_std` (`f_std_grdid`,`f_std_sttid`,`f_std_statid`,`stdaplno`,`stdno`,`stdupfnctm`,`stdnm`,`stdpw`,`stdpt`,`f_std_sexid`,`f_std_rcid`,`f_std_zzmmid`,`stdnp`,`stdbtd`,`stdsol`,`stdcee`,`stdsog`,`stdqq`,`f_std_xlid`,`stdidcd`,`stdcp`,`stdrlta`,`stdrltanm`,`stdrltaocpt`,`stdrltacp`,`stdrltb`,`stdrltbnm`,`stdrltbocpt`,`stdrltbcp`,`stdhb`,`stdpst`,`stdads`,`stdmdftm`,`stdaddtm`,`stdtlp`,`stdpertm`,`stdertm`,`stdicbc`,`stdrcmdnm`,`stdrcmdcp`,`stdpnttm`) VALUES (5,1,5,'J20160001','','','孙测试IV','1bbd886460827015e5d605ed44252251','/cjxy/Public/img/usr/default.jpg',1,1,1,'湖州','1988-11-16','无','','','',0,'33050119881116081X','14444444444','父子','孙论语','水泥厂','13333333333','','','','','','','意大利','2016-04-05 11:04:32','2016-04-05 11:04:32','','','','','','','') [ RunTime:0.085375s ]
NOTIC: [8192] preg_replace(): The /e modifier is deprecated, use preg_replace_callback instead C:\UPUPW_AP5.5\htdocs\cjxy\ThinkPHP\Lib\Core\Db.class.php 第 604 行.
SQL: SELECT * FROM `tb_grd` WHERE ( grdid=5 ) LIMIT 1   [ RunTime:0.000444s ]
NOTIC: [8192] preg_replace(): The /e modifier is deprecated, use preg_replace_callback instead C:\UPUPW_AP5.5\htdocs\cjxy\ThinkPHP\Lib\Core\Db.class.php 第 604 行.
SQL: SELECT * FROM `tb_2016_std` WHERE ( stdidcd='33050119881116081X' ) LIMIT 1   [ RunTime:0.000669s ]
NOTIC: [8192] preg_replace(): The /e modifier is deprecated, use preg_replace_callback instead C:\UPUPW_AP5.5\htdocs\cjxy\ThinkPHP\Lib\Core\Db.class.php 第 604 行.
SQL: SELECT * FROM `tb_grd` WHERE ( grdid=5 ) LIMIT 1   [ RunTime:0.000449s ]
SQL: SHOW COLUMNS FROM `tb_2016_stdxqpmj` [ RunTime:0.006283s ]
SQL: INSERT INTO `tb_2016_stdxqpmj` (`f_stdxqpmj_grdid`,`f_stdxqpmj_stdid`,`f_stdxqpmj_xqid`,`f_stdxqpmj_pmjid`) VALUES (5,5,5,9) [ RunTime:0.167686s ]
NOTIC: [8] Undefined variable: data C:\UPUPW_AP5.5\htdocs\cjxy\zspt\Lib\Model\StdxqpmjModel.class.php 第 18 行.
NOTIC: [8192] preg_replace(): The /e modifier is deprecated, use preg_replace_callback instead C:\UPUPW_AP5.5\htdocs\cjxy\ThinkPHP\Lib\Core\Db.class.php 第 604 行.
SQL: SELECT * FROM `tb_grd` WHERE ( grdid=5 ) LIMIT 1   [ RunTime:0.000393s ]
SQL: SHOW COLUMNS FROM `tb_2016_stdxqpcls` [ RunTime:0.004623s ]
SQL: INSERT INTO `tb_2016_stdxqpcls` (`f_stdxqpcls_grdid`,`f_stdxqpcls_stdid`,`f_stdxqpcls_xqid`,`f_stdxqpcls_pclsid`) VALUES (5,5,5,0) [ RunTime:0.102292s ]
NOTIC: [8] Undefined variable: data C:\UPUPW_AP5.5\htdocs\cjxy\zspt\Lib\Model\StdxqpclsModel.class.php 第 18 行.
SQL: SHOW COLUMNS FROM `tb_dm` [ RunTime:0.007115s ]
NOTIC: [8192] preg_replace(): The /e modifier is deprecated, use preg_replace_callback instead C:\UPUPW_AP5.5\htdocs\cjxy\ThinkPHP\Lib\Core\Db.class.php 第 604 行.
SQL: SELECT * FROM `tb_dm` WHERE ( dmid=3 ) LIMIT 1   [ RunTime:0.000384s ]
NOTIC: [8192] preg_replace(): The /e modifier is deprecated, use preg_replace_callback instead C:\UPUPW_AP5.5\htdocs\cjxy\ThinkPHP\Lib\Core\Db.class.php 第 604 行.
SQL: SELECT * FROM `tb_grd` WHERE ( grdid=5 ) LIMIT 1   [ RunTime:0.000413s ]
SQL: SHOW COLUMNS FROM `tb_2016_stdxqdm` [ RunTime:0.005871s ]
SQL: INSERT INTO `tb_2016_stdxqdm` (`f_stdxqdm_grdid`,`f_stdxqdm_stdid`,`f_stdxqdm_xqid`,`f_stdxqdm_dmid`) VALUES (5,5,5,3) [ RunTime:0.100709s ]
NOTIC: [8] Undefined variable: data C:\UPUPW_AP5.5\htdocs\cjxy\zspt\Lib\Model\StdxqdmModel.class.php 第 18 行.
NOTIC: [8192] preg_replace(): The /e modifier is deprecated, use preg_replace_callback instead C:\UPUPW_AP5.5\htdocs\cjxy\ThinkPHP\Lib\Core\Db.class.php 第 604 行.
SQL: SELECT * FROM `tb_grd` WHERE ( grdid=5 ) LIMIT 1   [ RunTime:0.000432s ]
SQL: SHOW COLUMNS FROM `tb_2016_xf` [ RunTime:0.006579s ]
NOTIC: [8192] preg_replace(): The /e modifier is deprecated, use preg_replace_callback instead C:\UPUPW_AP5.5\htdocs\cjxy\ThinkPHP\Lib\Core\Db.class.php 第 604 行.
SQL: SELECT * FROM `tb_2016_xf` WHERE ( f_xf_grdid=5 AND f_xf_sttid=1 AND f_xf_bxxsid=4 AND f_xf_ccid=3 AND f_xf_klid=2 ) LIMIT 1   [ RunTime:0.000483s ]
NOTIC: [8192] preg_replace(): The /e modifier is deprecated, use preg_replace_callback instead C:\UPUPW_AP5.5\htdocs\cjxy\ThinkPHP\Lib\Core\Db.class.php 第 604 行.
SQL: SELECT * FROM `tb_grd` WHERE ( grdid=5 ) LIMIT 1   [ RunTime:0.000364s ]
SQL: SHOW COLUMNS FROM `tb_2016_zsf` [ RunTime:0.005623s ]
NOTIC: [8192] preg_replace(): The /e modifier is deprecated, use preg_replace_callback instead C:\UPUPW_AP5.5\htdocs\cjxy\ThinkPHP\Lib\Core\Db.class.php 第 604 行.
SQL: SELECT * FROM `tb_2016_zsf` WHERE ( f_zsf_grdid=5 AND f_zsf_dmid=3 ) LIMIT 1   [ RunTime:0.000361s ]
SQL: SHOW COLUMNS FROM `tb_xn` [ RunTime:0.005807s ]
NOTIC: [8192] preg_replace(): The /e modifier is deprecated, use preg_replace_callback instead C:\UPUPW_AP5.5\htdocs\cjxy\ThinkPHP\Lib\Core\Db.class.php 第 604 行.
SQL: SELECT * FROM `tb_grd` WHERE ( grdid=5 ) LIMIT 1   [ RunTime:0.000321s ]
NOTIC: [8192] preg_replace(): The /e modifier is deprecated, use preg_replace_callback instead C:\UPUPW_AP5.5\htdocs\cjxy\ThinkPHP\Lib\Core\Db.class.php 第 604 行.
SQL: SELECT * FROM `tb_xn` WHERE ( xnnm='2016' ) LIMIT 1   [ RunTime:0.000267s ]
NOTIC: [8192] preg_replace(): The /e modifier is deprecated, use preg_replace_callback instead C:\UPUPW_AP5.5\htdocs\cjxy\ThinkPHP\Lib\Core\Db.class.php 第 604 行.
SQL: SELECT * FROM `tb_grd` WHERE ( grdid=5 ) LIMIT 1   [ RunTime:0.000237s ]
SQL: SHOW COLUMNS FROM `tb_2016_cw` [ RunTime:0.004890s ]
SQL: INSERT INTO `tb_2016_cw` (`f_cw_grdid`,`f_cw_xnid`,`f_cw_xqid`,`f_cw_stdid`,`cwyjxfsm`,`cwyjjckwfsm`,`cwyjzsfsm`,`cwsjxfsm`,`cwsjjckwfsm`,`cwsjzsfsm`) VALUES (5,3,5,5,14800,1000,3800,0,0,0) [ RunTime:0.160925s ]
NOTIC: [8] Undefined variable: data C:\UPUPW_AP5.5\htdocs\cjxy\zspt\Lib\Model\CwModel.class.php 第 17 行.

[ 2016-04-05T23:17:35+08:00 ] 0.0.0.0 /cjxy/zspt.php/Std/view
INFO: [ route_check ] --START--
INFO: CheckRoute Behavior ::run [ RunTime:0.003672s ]
INFO: [ route_check ] --END-- [ RunTime:0.003776s ]
NOTIC: [8192] preg_replace(): The /e modifier is deprecated, use preg_replace_callback instead C:\UPUPW_AP5.5\htdocs\cjxy\ThinkPHP\Lib\Core\Dispatcher.class.php 第 132 行.
INFO: [ app_begin ] --START--
INFO: ReadHtmlCache Behavior ::run [ RunTime:0.003358s ]
INFO: [ app_begin ] --END-- [ RunTime:0.003434s ]

[ 2016-04-05T23:21:35+08:00 ] 0.0.0.0 /cjxy/zspt.php/Std/view
INFO: [ route_check ] --START--
INFO: CheckRoute Behavior ::run [ RunTime:0.004238s ]
INFO: [ route_check ] --END-- [ RunTime:0.004370s ]
NOTIC: [8192] preg_replace(): The /e modifier is deprecated, use preg_replace_callback instead C:\UPUPW_AP5.5\htdocs\cjxy\ThinkPHP\Lib\Core\Dispatcher.class.php 第 132 行.
INFO: [ app_begin ] --START--
INFO: ReadHtmlCache Behavior ::run [ RunTime:0.003759s ]
INFO: [ app_begin ] --END-- [ RunTime:0.003846s ]

[ 2016-04-05T23:21:46+08:00 ] 0.0.0.0 /cjxy/zspt.php/Std/view
INFO: [ route_check ] --START--
INFO: CheckRoute Behavior ::run [ RunTime:0.004014s ]
INFO: [ route_check ] --END-- [ RunTime:0.004133s ]
NOTIC: [8192] preg_replace(): The /e modifier is deprecated, use preg_replace_callback instead C:\UPUPW_AP5.5\htdocs\cjxy\ThinkPHP\Lib\Core\Dispatcher.class.php 第 132 行.
INFO: [ app_begin ] --START--
INFO: ReadHtmlCache Behavior ::run [ RunTime:0.005609s ]
INFO: [ app_begin ] --END-- [ RunTime:0.005805s ]
NOTIC: [8192] mysql_connect(): The mysql extension is deprecated and will be removed in the future: use mysqli or PDO instead C:\UPUPW_AP5.5\htdocs\cjxy\ThinkPHP\Lib\Driver\Db\DbMysql.class.php 第 55 行.
SQL: SHOW COLUMNS FROM `tb_environment` [ RunTime:0.005971s ]
ERR: 1146:Table 'db_cjlucjxy.tb_environment' doesn't exist
 [ SQL语句 ] : SHOW COLUMNS FROM `tb_environment`
ERR: Model:setenvironment您所请求的方法不存在！

[ 2016-04-05T23:22:06+08:00 ] 0.0.0.0 /cjxy/zspt.php/Std/view
INFO: [ route_check ] --START--
INFO: CheckRoute Behavior ::run [ RunTime:0.004722s ]
INFO: [ route_check ] --END-- [ RunTime:0.004844s ]
NOTIC: [8192] preg_replace(): The /e modifier is deprecated, use preg_replace_callback instead C:\UPUPW_AP5.5\htdocs\cjxy\ThinkPHP\Lib\Core\Dispatcher.class.php 第 132 行.
INFO: [ app_begin ] --START--
INFO: ReadHtmlCache Behavior ::run [ RunTime:0.003562s ]
INFO: [ app_begin ] --END-- [ RunTime:0.003654s ]
NOTIC: [8] Undefined index: gid C:\UPUPW_AP5.5\htdocs\cjxy\zspt\Lib\Model\StdModel.class.php 第 444 行.
ERR: Action:getmoBBB您所请求的方法不存在！

[ 2016-04-05T23:22:49+08:00 ] 0.0.0.0 /cjxy/zspt.php/Std/view
INFO: [ route_check ] --START--
INFO: CheckRoute Behavior ::run [ RunTime:0.003602s ]
INFO: [ route_check ] --END-- [ RunTime:0.003689s ]
NOTIC: [8192] preg_replace(): The /e modifier is deprecated, use preg_replace_callback instead C:\UPUPW_AP5.5\htdocs\cjxy\ThinkPHP\Lib\Core\Dispatcher.class.php 第 132 行.
INFO: [ app_begin ] --START--
INFO: ReadHtmlCache Behavior ::run [ RunTime:0.003435s ]
INFO: [ app_begin ] --END-- [ RunTime:0.003519s ]
NOTIC: [8] Undefined index: gid C:\UPUPW_AP5.5\htdocs\cjxy\zspt\Lib\Model\StdModel.class.php 第 444 行.
NOTIC: [8192] mysql_connect(): The mysql extension is deprecated and will be removed in the future: use mysqli or PDO instead C:\UPUPW_AP5.5\htdocs\cjxy\ThinkPHP\Lib\Driver\Db\DbMysql.class.php 第 55 行.
SQL: SHOW COLUMNS FROM `tb_grd` [ RunTime:0.005726s ]
NOTIC: [8192] preg_replace(): The /e modifier is deprecated, use preg_replace_callback instead C:\UPUPW_AP5.5\htdocs\cjxy\ThinkPHP\Lib\Core\Db.class.php 第 604 行.
SQL: SELECT * FROM `tb_grd` WHERE ( grdid= ) LIMIT 1   [ RunTime:0.000218s ]
ERR: 1064:You have an error in your SQL syntax; check the manual that corresponds to your MariaDB server version for the right syntax to use near ') LIMIT 1' at line 1
 [ SQL语句 ] : SELECT * FROM `tb_grd` WHERE ( grdid= ) LIMIT 1  
SQL: SHOW COLUMNS FROM `tb_std` [ RunTime:0.005040s ]
ERR: 1146:Table 'db_cjlucjxy.tb_std' doesn't exist
 [ SQL语句 ] : SHOW COLUMNS FROM `tb_std`
NOTIC: [8192] preg_replace(): The /e modifier is deprecated, use preg_replace_callback instead C:\UPUPW_AP5.5\htdocs\cjxy\ThinkPHP\Lib\Core\Db.class.php 第 604 行.
SQL: SELECT * FROM `tb_std` LEFT JOIN tb__stdxqpmj ON stdid=f_stdxqpmj_stdid LEFT JOIN tb__stdxqpcls ON stdid=f_stdxqpcls_stdid LEFT JOIN tb__stdxqdm ON stdid=f_stdxqdm_stdid LEFT JOIN tb__pmj ON f_stdxqpmj_pmjid=pmjid LEFT JOIN tb__pcls ON f_stdxqpcls_pclsid=pclsid LEFT JOIN tb__cls ON f_pcls_clsid=clsid LEFT JOIN tb_xq ON f_stdxqpmj_xqid=xqid LEFT JOIN tb_stt ON f_std_sttid=sttid LEFT JOIN tb_grd ON f_std_grdid=grdid LEFT JOIN tb_sex ON f_std_sexid=sexid LEFT JOIN tb_rc ON f_std_rcid=rcid LEFT JOIN tb_zzmm ON f_std_zzmmid=zzmmid LEFT JOIN tb_xl ON f_std_xlid=xlid LEFT JOIN tb_stat ON f_std_statid=statid LEFT JOIN tb_bxxs ON f_pmj_bxxsid=bxxsid LEFT JOIN tb_cc ON f_pmj_ccid=ccid LEFT JOIN tb_kl ON f_pmj_klid=klid LEFT JOIN tb_xxxs ON f_pmj_xxxsid=xxxsid LEFT JOIN tb_zsfw ON f_pmj_zsfwid=zsfwid LEFT JOIN tb_xz ON f_pmj_xzid=xzid LEFT JOIN tb_mj ON f_pmj_mjid=mjid LEFT JOIN tb_dm ON f_stdxqdm_dmid=dmid WHERE ( stdid=5 ) LIMIT 1   [ RunTime:0.000471s ]
ERR: 1146:Table 'db_cjlucjxy.tb_std' doesn't exist
 [ SQL语句 ] : SELECT * FROM `tb_std` LEFT JOIN tb__stdxqpmj ON stdid=f_stdxqpmj_stdid LEFT JOIN tb__stdxqpcls ON stdid=f_stdxqpcls_stdid LEFT JOIN tb__stdxqdm ON stdid=f_stdxqdm_stdid LEFT JOIN tb__pmj ON f_stdxqpmj_pmjid=pmjid LEFT JOIN tb__pcls ON f_stdxqpcls_pclsid=pclsid LEFT JOIN tb__cls ON f_pcls_clsid=clsid LEFT JOIN tb_xq ON f_stdxqpmj_xqid=xqid LEFT JOIN tb_stt ON f_std_sttid=sttid LEFT JOIN tb_grd ON f_std_grdid=grdid LEFT JOIN tb_sex ON f_std_sexid=sexid LEFT JOIN tb_rc ON f_std_rcid=rcid LEFT JOIN tb_zzmm ON f_std_zzmmid=zzmmid LEFT JOIN tb_xl ON f_std_xlid=xlid LEFT JOIN tb_stat ON f_std_statid=statid LEFT JOIN tb_bxxs ON f_pmj_bxxsid=bxxsid LEFT JOIN tb_cc ON f_pmj_ccid=ccid LEFT JOIN tb_kl ON f_pmj_klid=klid LEFT JOIN tb_xxxs ON f_pmj_xxxsid=xxxsid LEFT JOIN tb_zsfw ON f_pmj_zsfwid=zsfwid LEFT JOIN tb_xz ON f_pmj_xzid=xzid LEFT JOIN tb_mj ON f_pmj_mjid=mjid LEFT JOIN tb_dm ON f_stdxqdm_dmid=dmid WHERE ( stdid=5 ) LIMIT 1  
NOTIC: [2] Invalid argument supplied for foreach() C:\UPUPW_AP5.5\htdocs\cjxy\zspt\Lib\Model\StdModel.class.php 第 455 行.
NOTIC: [8] Undefined variable: data C:\UPUPW_AP5.5\htdocs\cjxy\zspt\Lib\Model\StdModel.class.php 第 464 行.
INFO: [ view_parse ] --START--
NOTIC: [8192] preg_replace(): The /e modifier is deprecated, use preg_replace_callback instead C:\UPUPW_AP5.5\htdocs\cjxy\ThinkPHP\Lib\Template\ThinkTemplate.class.php 第 273 行.
NOTIC: [8192] preg_replace(): The /e modifier is deprecated, use preg_replace_callback instead C:\UPUPW_AP5.5\htdocs\cjxy\ThinkPHP\Lib\Template\ThinkTemplate.class.php 第 273 行.
NOTIC: [8192] preg_replace(): The /e modifier is deprecated, use preg_replace_callback instead C:\UPUPW_AP5.5\htdocs\cjxy\ThinkPHP\Lib\Template\ThinkTemplate.class.php 第 273 行.
NOTIC: [8192] preg_replace(): The /e modifier is deprecated, use preg_replace_callback instead C:\UPUPW_AP5.5\htdocs\cjxy\ThinkPHP\Lib\Template\ThinkTemplate.class.php 第 273 行.
NOTIC: [8192] preg_replace(): The /e modifier is deprecated, use preg_replace_callback instead C:\UPUPW_AP5.5\htdocs\cjxy\ThinkPHP\Lib\Template\ThinkTemplate.class.php 第 273 行.
NOTIC: [8192] preg_replace(): The /e modifier is deprecated, use preg_replace_callback instead C:\UPUPW_AP5.5\htdocs\cjxy\ThinkPHP\Lib\Template\ThinkTemplate.class.php 第 273 行.
NOTIC: [8192] preg_replace(): The /e modifier is deprecated, use preg_replace_callback instead C:\UPUPW_AP5.5\htdocs\cjxy\ThinkPHP\Lib\Template\ThinkTemplate.class.php 第 168 行.
NOTIC: [8192] preg_replace(): The /e modifier is deprecated, use preg_replace_callback instead C:\UPUPW_AP5.5\htdocs\cjxy\ThinkPHP\Lib\Template\ThinkTemplate.class.php 第 404 行.
NOTIC: [8192] preg_replace(): The /e modifier is deprecated, use preg_replace_callback instead C:\UPUPW_AP5.5\htdocs\cjxy\ThinkPHP\Lib\Template\ThinkTemplate.class.php 第 404 行.
NOTIC: [8192] preg_replace(): The /e modifier is deprecated, use preg_replace_callback instead C:\UPUPW_AP5.5\htdocs\cjxy\ThinkPHP\Lib\Template\ThinkTemplate.class.php 第 404 行.
NOTIC: [8192] preg_replace(): The /e modifier is deprecated, use preg_replace_callback instead C:\UPUPW_AP5.5\htdocs\cjxy\ThinkPHP\Lib\Template\ThinkTemplate.class.php 第 404 行.
NOTIC: [8192] preg_replace(): The /e modifier is deprecated, use preg_replace_callback instead C:\UPUPW_AP5.5\htdocs\cjxy\ThinkPHP\Lib\Template\ThinkTemplate.class.php 第 404 行.
NOTIC: [8192] preg_replace(): The /e modifier is deprecated, use preg_replace_callback instead C:\UPUPW_AP5.5\htdocs\cjxy\ThinkPHP\Lib\Template\ThinkTemplate.class.php 第 273 行.
NOTIC: [8192] preg_replace(): The /e modifier is deprecated, use preg_replace_callback instead C:\UPUPW_AP5.5\htdocs\cjxy\ThinkPHP\Lib\Template\ThinkTemplate.class.php 第 168 行.
NOTIC: [8192] preg_replace(): The /e modifier is deprecated, use preg_replace_callback instead C:\UPUPW_AP5.5\htdocs\cjxy\ThinkPHP\Lib\Template\ThinkTemplate.class.php 第 404 行.
NOTIC: [8192] preg_replace(): The /e modifier is deprecated, use preg_replace_callback instead C:\UPUPW_AP5.5\htdocs\cjxy\ThinkPHP\Lib\Template\ThinkTemplate.class.php 第 404 行.
NOTIC: [8192] preg_replace(): The /e modifier is deprecated, use preg_replace_callback instead C:\UPUPW_AP5.5\htdocs\cjxy\ThinkPHP\Lib\Template\ThinkTemplate.class.php 第 404 行.
NOTIC: [8192] preg_replace(): The /e modifier is deprecated, use preg_replace_callback instead C:\UPUPW_AP5.5\htdocs\cjxy\ThinkPHP\Lib\Template\ThinkTemplate.class.php 第 404 行.
NOTIC: [8192] preg_replace(): The /e modifier is deprecated, use preg_replace_callback instead C:\UPUPW_AP5.5\htdocs\cjxy\ThinkPHP\Lib\Template\ThinkTemplate.class.php 第 404 行.
NOTIC: [8192] preg_replace(): The /e modifier is deprecated, use preg_replace_callback instead C:\UPUPW_AP5.5\htdocs\cjxy\ThinkPHP\Lib\Template\ThinkTemplate.class.php 第 404 行.
NOTIC: [8192] preg_replace(): The /e modifier is deprecated, use preg_replace_callback instead C:\UPUPW_AP5.5\htdocs\cjxy\ThinkPHP\Lib\Template\ThinkTemplate.class.php 第 404 行.
NOTIC: [8192] preg_replace(): The /e modifier is deprecated, use preg_replace_callback instead C:\UPUPW_AP5.5\htdocs\cjxy\ThinkPHP\Lib\Template\ThinkTemplate.class.php 第 404 行.
NOTIC: [8192] preg_replace(): The /e modifier is deprecated, use preg_replace_callback instead C:\UPUPW_AP5.5\htdocs\cjxy\ThinkPHP\Lib\Template\ThinkTemplate.class.php 第 404 行.
NOTIC: [8192] preg_replace(): The /e modifier is deprecated, use preg_replace_callback instead C:\UPUPW_AP5.5\htdocs\cjxy\ThinkPHP\Lib\Template\ThinkTemplate.class.php 第 404 行.
NOTIC: [8192] preg_replace(): The /e modifier is deprecated, use preg_replace_callback instead C:\UPUPW_AP5.5\htdocs\cjxy\ThinkPHP\Lib\Template\ThinkTemplate.class.php 第 404 行.
NOTIC: [8192] preg_replace(): The /e modifier is deprecated, use preg_replace_callback instead C:\UPUPW_AP5.5\htdocs\cjxy\ThinkPHP\Lib\Template\ThinkTemplate.class.php 第 404 行.
NOTIC: [8192] preg_replace(): The /e modifier is deprecated, use preg_replace_callback instead C:\UPUPW_AP5.5\htdocs\cjxy\ThinkPHP\Lib\Template\ThinkTemplate.class.php 第 399 行.
NOTIC: [8192] preg_replace(): The /e modifier is deprecated, use preg_replace_callback instead C:\UPUPW_AP5.5\htdocs\cjxy\ThinkPHP\Lib\Template\ThinkTemplate.class.php 第 399 行.
NOTIC: [8192] preg_replace(): The /e modifier is deprecated, use preg_replace_callback instead C:\UPUPW_AP5.5\htdocs\cjxy\ThinkPHP\Lib\Template\ThinkTemplate.class.php 第 404 行.
NOTIC: [8192] preg_replace(): The /e modifier is deprecated, use preg_replace_callback instead C:\UPUPW_AP5.5\htdocs\cjxy\ThinkPHP\Lib\Template\ThinkTemplate.class.php 第 404 行.
NOTIC: [8192] preg_replace(): The /e modifier is deprecated, use preg_replace_callback instead C:\UPUPW_AP5.5\htdocs\cjxy\ThinkPHP\Lib\Template\ThinkTemplate.class.php 第 404 行.
NOTIC: [8192] preg_replace(): The /e modifier is deprecated, use preg_replace_callback instead C:\UPUPW_AP5.5\htdocs\cjxy\ThinkPHP\Lib\Template\ThinkTemplate.class.php 第 399 行.
NOTIC: [8192] preg_replace(): The /e modifier is deprecated, use preg_replace_callback instead C:\UPUPW_AP5.5\htdocs\cjxy\ThinkPHP\Lib\Template\ThinkTemplate.class.php 第 404 行.
NOTIC: [8192] preg_replace(): The /e modifier is deprecated, use preg_replace_callback instead C:\UPUPW_AP5.5\htdocs\cjxy\ThinkPHP\Lib\Template\ThinkTemplate.class.php 第 404 行.
NOTIC: [8192] preg_replace(): The /e modifier is deprecated, use preg_replace_callback instead C:\UPUPW_AP5.5\htdocs\cjxy\ThinkPHP\Lib\Template\ThinkTemplate.class.php 第 404 行.
NOTIC: [8192] preg_replace(): The /e modifier is deprecated, use preg_replace_callback instead C:\UPUPW_AP5.5\htdocs\cjxy\ThinkPHP\Lib\Template\ThinkTemplate.class.php 第 404 行.
NOTIC: [8192] preg_replace(): The /e modifier is deprecated, use preg_replace_callback instead C:\UPUPW_AP5.5\htdocs\cjxy\ThinkPHP\Lib\Template\ThinkTemplate.class.php 第 404 行.
NOTIC: [8192] preg_replace(): The /e modifier is deprecated, use preg_replace_callback instead C:\UPUPW_AP5.5\htdocs\cjxy\ThinkPHP\Lib\Template\ThinkTemplate.class.php 第 404 行.
NOTIC: [8192] preg_replace(): The /e modifier is deprecated, use preg_replace_callback instead C:\UPUPW_AP5.5\htdocs\cjxy\ThinkPHP\Lib\Template\ThinkTemplate.class.php 第 404 行.
NOTIC: [8192] preg_replace(): The /e modifier is deprecated, use preg_replace_callback instead C:\UPUPW_AP5.5\htdocs\cjxy\ThinkPHP\Lib\Template\ThinkTemplate.class.php 第 404 行.
NOTIC: [8192] preg_replace(): The /e modifier is deprecated, use preg_replace_callback instead C:\UPUPW_AP5.5\htdocs\cjxy\ThinkPHP\Lib\Template\ThinkTemplate.class.php 第 404 行.
NOTIC: [8192] preg_replace(): The /e modifier is deprecated, use preg_replace_callback instead C:\UPUPW_AP5.5\htdocs\cjxy\ThinkPHP\Lib\Template\ThinkTemplate.class.php 第 404 行.
NOTIC: [8192] preg_replace(): The /e modifier is deprecated, use preg_replace_callback instead C:\UPUPW_AP5.5\htdocs\cjxy\ThinkPHP\Lib\Template\ThinkTemplate.class.php 第 404 行.
NOTIC: [8192] preg_replace(): The /e modifier is deprecated, use preg_replace_callback instead C:\UPUPW_AP5.5\htdocs\cjxy\ThinkPHP\Lib\Template\ThinkTemplate.class.php 第 404 行.
NOTIC: [8192] preg_replace(): The /e modifier is deprecated, use preg_replace_callback instead C:\UPUPW_AP5.5\htdocs\cjxy\ThinkPHP\Lib\Template\ThinkTemplate.class.php 第 404 行.
NOTIC: [8192] preg_replace(): The /e modifier is deprecated, use preg_replace_callback instead C:\UPUPW_AP5.5\htdocs\cjxy\ThinkPHP\Lib\Template\ThinkTemplate.class.php 第 404 行.
NOTIC: [8192] preg_replace(): The /e modifier is deprecated, use preg_replace_callback instead C:\UPUPW_AP5.5\htdocs\cjxy\ThinkPHP\Lib\Template\ThinkTemplate.class.php 第 404 行.
NOTIC: [8192] preg_replace(): The /e modifier is deprecated, use preg_replace_callback instead C:\UPUPW_AP5.5\htdocs\cjxy\ThinkPHP\Lib\Template\ThinkTemplate.class.php 第 404 行.
NOTIC: [8192] preg_replace(): The /e modifier is deprecated, use preg_replace_callback instead C:\UPUPW_AP5.5\htdocs\cjxy\ThinkPHP\Lib\Template\ThinkTemplate.class.php 第 404 行.
NOTIC: [8192] preg_replace(): The /e modifier is deprecated, use preg_replace_callback instead C:\UPUPW_AP5.5\htdocs\cjxy\ThinkPHP\Lib\Template\ThinkTemplate.class.php 第 404 行.
NOTIC: [8192] preg_replace(): The /e modifier is deprecated, use preg_replace_callback instead C:\UPUPW_AP5.5\htdocs\cjxy\ThinkPHP\Lib\Template\ThinkTemplate.class.php 第 404 行.
NOTIC: [8192] preg_replace(): The /e modifier is deprecated, use preg_replace_callback instead C:\UPUPW_AP5.5\htdocs\cjxy\ThinkPHP\Lib\Template\ThinkTemplate.class.php 第 404 行.
NOTIC: [8192] preg_replace(): The /e modifier is deprecated, use preg_replace_callback instead C:\UPUPW_AP5.5\htdocs\cjxy\ThinkPHP\Lib\Template\ThinkTemplate.class.php 第 404 行.
NOTIC: [8192] preg_replace(): The /e modifier is deprecated, use preg_replace_callback instead C:\UPUPW_AP5.5\htdocs\cjxy\ThinkPHP\Lib\Template\ThinkTemplate.class.php 第 404 行.
NOTIC: [8192] preg_replace(): The /e modifier is deprecated, use preg_replace_callback instead C:\UPUPW_AP5.5\htdocs\cjxy\ThinkPHP\Lib\Template\ThinkTemplate.class.php 第 404 行.
NOTIC: [8192] preg_replace(): The /e modifier is deprecated, use preg_replace_callback instead C:\UPUPW_AP5.5\htdocs\cjxy\ThinkPHP\Lib\Template\ThinkTemplate.class.php 第 404 行.
NOTIC: [8192] preg_replace(): The /e modifier is deprecated, use preg_replace_callback instead C:\UPUPW_AP5.5\htdocs\cjxy\ThinkPHP\Lib\Template\ThinkTemplate.class.php 第 404 行.
NOTIC: [8192] preg_replace(): The /e modifier is deprecated, use preg_replace_callback instead C:\UPUPW_AP5.5\htdocs\cjxy\ThinkPHP\Lib\Template\ThinkTemplate.class.php 第 404 行.
NOTIC: [8192] preg_replace(): The /e modifier is deprecated, use preg_replace_callback instead C:\UPUPW_AP5.5\htdocs\cjxy\ThinkPHP\Lib\Template\ThinkTemplate.class.php 第 404 行.
NOTIC: [8192] preg_replace(): The /e modifier is deprecated, use preg_replace_callback instead C:\UPUPW_AP5.5\htdocs\cjxy\ThinkPHP\Lib\Template\ThinkTemplate.class.php 第 404 行.
NOTIC: [8192] preg_replace(): The /e modifier is deprecated, use preg_replace_callback instead C:\UPUPW_AP5.5\htdocs\cjxy\ThinkPHP\Lib\Template\ThinkTemplate.class.php 第 404 行.
NOTIC: [8192] preg_replace(): The /e modifier is deprecated, use preg_replace_callback instead C:\UPUPW_AP5.5\htdocs\cjxy\ThinkPHP\Lib\Template\ThinkTemplate.class.php 第 404 行.
NOTIC: [8192] preg_replace(): The /e modifier is deprecated, use preg_replace_callback instead C:\UPUPW_AP5.5\htdocs\cjxy\ThinkPHP\Lib\Template\ThinkTemplate.class.php 第 404 行.
NOTIC: [8192] preg_replace(): The /e modifier is deprecated, use preg_replace_callback instead C:\UPUPW_AP5.5\htdocs\cjxy\ThinkPHP\Lib\Template\ThinkTemplate.class.php 第 404 行.
NOTIC: [8192] preg_replace(): The /e modifier is deprecated, use preg_replace_callback instead C:\UPUPW_AP5.5\htdocs\cjxy\ThinkPHP\Lib\Template\ThinkTemplate.class.php 第 404 行.
NOTIC: [8192] preg_replace(): The /e modifier is deprecated, use preg_replace_callback instead C:\UPUPW_AP5.5\htdocs\cjxy\ThinkPHP\Lib\Template\ThinkTemplate.class.php 第 404 行.
NOTIC: [8192] preg_replace(): The /e modifier is deprecated, use preg_replace_callback instead C:\UPUPW_AP5.5\htdocs\cjxy\ThinkPHP\Lib\Template\ThinkTemplate.class.php 第 404 行.
NOTIC: [8192] preg_replace(): The /e modifier is deprecated, use preg_replace_callback instead C:\UPUPW_AP5.5\htdocs\cjxy\ThinkPHP\Lib\Template\ThinkTemplate.class.php 第 404 行.
NOTIC: [8192] preg_replace(): The /e modifier is deprecated, use preg_replace_callback instead C:\UPUPW_AP5.5\htdocs\cjxy\ThinkPHP\Lib\Template\ThinkTemplate.class.php 第 404 行.
NOTIC: [8192] preg_replace(): The /e modifier is deprecated, use preg_replace_callback instead C:\UPUPW_AP5.5\htdocs\cjxy\ThinkPHP\Lib\Template\ThinkTemplate.class.php 第 404 行.
NOTIC: [8192] preg_replace(): The /e modifier is deprecated, use preg_replace_callback instead C:\UPUPW_AP5.5\htdocs\cjxy\ThinkPHP\Lib\Template\ThinkTemplate.class.php 第 404 行.
NOTIC: [8192] preg_replace(): The /e modifier is deprecated, use preg_replace_callback instead C:\UPUPW_AP5.5\htdocs\cjxy\ThinkPHP\Lib\Template\ThinkTemplate.class.php 第 404 行.
NOTIC: [8192] preg_replace(): The /e modifier is deprecated, use preg_replace_callback instead C:\UPUPW_AP5.5\htdocs\cjxy\ThinkPHP\Lib\Template\ThinkTemplate.class.php 第 404 行.
NOTIC: [8192] preg_replace(): The /e modifier is deprecated, use preg_replace_callback instead C:\UPUPW_AP5.5\htdocs\cjxy\ThinkPHP\Lib\Template\ThinkTemplate.class.php 第 404 行.
NOTIC: [8192] preg_replace(): The /e modifier is deprecated, use preg_replace_callback instead C:\UPUPW_AP5.5\htdocs\cjxy\ThinkPHP\Lib\Template\ThinkTemplate.class.php 第 404 行.
NOTIC: [8192] preg_replace(): The /e modifier is deprecated, use preg_replace_callback instead C:\UPUPW_AP5.5\htdocs\cjxy\ThinkPHP\Lib\Template\ThinkTemplate.class.php 第 404 行.
NOTIC: [8192] preg_replace(): The /e modifier is deprecated, use preg_replace_callback instead C:\UPUPW_AP5.5\htdocs\cjxy\ThinkPHP\Lib\Template\ThinkTemplate.class.php 第 404 行.
NOTIC: [8192] preg_replace(): The /e modifier is deprecated, use preg_replace_callback instead C:\UPUPW_AP5.5\htdocs\cjxy\ThinkPHP\Lib\Template\ThinkTemplate.class.php 第 404 行.
NOTIC: [8192] preg_replace(): The /e modifier is deprecated, use preg_replace_callback instead C:\UPUPW_AP5.5\htdocs\cjxy\ThinkPHP\Lib\Template\ThinkTemplate.class.php 第 404 行.
NOTIC: [8192] preg_replace(): The /e modifier is deprecated, use preg_replace_callback instead C:\UPUPW_AP5.5\htdocs\cjxy\ThinkPHP\Lib\Template\ThinkTemplate.class.php 第 404 行.
NOTIC: [8192] preg_replace(): The /e modifier is deprecated, use preg_replace_callback instead C:\UPUPW_AP5.5\htdocs\cjxy\ThinkPHP\Lib\Template\ThinkTemplate.class.php 第 404 行.
NOTIC: [8192] preg_replace(): The /e modifier is deprecated, use preg_replace_callback instead C:\UPUPW_AP5.5\htdocs\cjxy\ThinkPHP\Lib\Template\ThinkTemplate.class.php 第 404 行.
NOTIC: [8192] preg_replace(): The /e modifier is deprecated, use preg_replace_callback instead C:\UPUPW_AP5.5\htdocs\cjxy\ThinkPHP\Lib\Template\ThinkTemplate.class.php 第 404 行.
NOTIC: [8192] preg_replace(): The /e modifier is deprecated, use preg_replace_callback instead C:\UPUPW_AP5.5\htdocs\cjxy\ThinkPHP\Lib\Template\ThinkTemplate.class.php 第 404 行.
NOTIC: [8192] preg_replace(): The /e modifier is deprecated, use preg_replace_callback instead C:\UPUPW_AP5.5\htdocs\cjxy\ThinkPHP\Lib\Template\ThinkTemplate.class.php 第 404 行.
NOTIC: [8192] preg_replace(): The /e modifier is deprecated, use preg_replace_callback instead C:\UPUPW_AP5.5\htdocs\cjxy\ThinkPHP\Lib\Template\ThinkTemplate.class.php 第 404 行.
NOTIC: [8192] preg_replace(): The /e modifier is deprecated, use preg_replace_callback instead C:\UPUPW_AP5.5\htdocs\cjxy\ThinkPHP\Lib\Template\ThinkTemplate.class.php 第 404 行.
NOTIC: [8192] preg_replace(): The /e modifier is deprecated, use preg_replace_callback instead C:\UPUPW_AP5.5\htdocs\cjxy\ThinkPHP\Lib\Template\ThinkTemplate.class.php 第 404 行.
NOTIC: [8192] preg_replace(): The /e modifier is deprecated, use preg_replace_callback instead C:\UPUPW_AP5.5\htdocs\cjxy\ThinkPHP\Lib\Template\ThinkTemplate.class.php 第 404 行.
NOTIC: [8192] preg_replace(): The /e modifier is deprecated, use preg_replace_callback instead C:\UPUPW_AP5.5\htdocs\cjxy\ThinkPHP\Lib\Template\ThinkTemplate.class.php 第 404 行.
NOTIC: [8192] preg_replace(): The /e modifier is deprecated, use preg_replace_callback instead C:\UPUPW_AP5.5\htdocs\cjxy\ThinkPHP\Lib\Template\ThinkTemplate.class.php 第 404 行.
NOTIC: [8192] preg_replace(): The /e modifier is deprecated, use preg_replace_callback instead C:\UPUPW_AP5.5\htdocs\cjxy\ThinkPHP\Lib\Template\ThinkTemplate.class.php 第 404 行.
NOTIC: [8192] preg_replace(): The /e modifier is deprecated, use preg_replace_callback instead C:\UPUPW_AP5.5\htdocs\cjxy\ThinkPHP\Lib\Template\ThinkTemplate.class.php 第 404 行.
NOTIC: [8192] preg_replace(): The /e modifier is deprecated, use preg_replace_callback instead C:\UPUPW_AP5.5\htdocs\cjxy\ThinkPHP\Lib\Template\ThinkTemplate.class.php 第 404 行.
NOTIC: [8192] preg_replace(): The /e modifier is deprecated, use preg_replace_callback instead C:\UPUPW_AP5.5\htdocs\cjxy\ThinkPHP\Lib\Template\ThinkTemplate.class.php 第 404 行.
NOTIC: [8192] preg_replace(): The /e modifier is deprecated, use preg_replace_callback instead C:\UPUPW_AP5.5\htdocs\cjxy\ThinkPHP\Lib\Template\ThinkTemplate.class.php 第 404 行.
NOTIC: [8192] preg_replace(): The /e modifier is deprecated, use preg_replace_callback instead C:\UPUPW_AP5.5\htdocs\cjxy\ThinkPHP\Lib\Template\ThinkTemplate.class.php 第 404 行.
NOTIC: [8192] preg_replace(): The /e modifier is deprecated, use preg_replace_callback instead C:\UPUPW_AP5.5\htdocs\cjxy\ThinkPHP\Lib\Template\ThinkTemplate.class.php 第 404 行.
NOTIC: [8192] preg_replace(): The /e modifier is deprecated, use preg_replace_callback instead C:\UPUPW_AP5.5\htdocs\cjxy\ThinkPHP\Lib\Template\ThinkTemplate.class.php 第 399 行.
NOTIC: [8192] preg_replace(): The /e modifier is deprecated, use preg_replace_callback instead C:\UPUPW_AP5.5\htdocs\cjxy\ThinkPHP\Lib\Template\ThinkTemplate.class.php 第 399 行.
NOTIC: [8192] preg_replace(): The /e modifier is deprecated, use preg_replace_callback instead C:\UPUPW_AP5.5\htdocs\cjxy\ThinkPHP\Lib\Template\ThinkTemplate.class.php 第 399 行.
NOTIC: [8192] preg_replace(): The /e modifier is deprecated, use preg_replace_callback instead C:\UPUPW_AP5.5\htdocs\cjxy\ThinkPHP\Lib\Template\ThinkTemplate.class.php 第 399 行.
NOTIC: [8192] preg_replace(): The /e modifier is deprecated, use preg_replace_callback instead C:\UPUPW_AP5.5\htdocs\cjxy\ThinkPHP\Lib\Template\ThinkTemplate.class.php 第 399 行.
NOTIC: [8192] preg_replace(): The /e modifier is deprecated, use preg_replace_callback instead C:\UPUPW_AP5.5\htdocs\cjxy\ThinkPHP\Lib\Template\ThinkTemplate.class.php 第 399 行.
NOTIC: [8192] preg_replace(): The /e modifier is deprecated, use preg_replace_callback instead C:\UPUPW_AP5.5\htdocs\cjxy\ThinkPHP\Lib\Template\ThinkTemplate.class.php 第 404 行.
NOTIC: [8192] preg_replace(): The /e modifier is deprecated, use preg_replace_callback instead C:\UPUPW_AP5.5\htdocs\cjxy\ThinkPHP\Lib\Template\ThinkTemplate.class.php 第 404 行.
NOTIC: [8192] preg_replace(): The /e modifier is deprecated, use preg_replace_callback instead C:\UPUPW_AP5.5\htdocs\cjxy\ThinkPHP\Lib\Template\ThinkTemplate.class.php 第 404 行.
NOTIC: [8192] preg_replace(): The /e modifier is deprecated, use preg_replace_callback instead C:\UPUPW_AP5.5\htdocs\cjxy\ThinkPHP\Lib\Template\ThinkTemplate.class.php 第 197 行.
NOTIC: [8192] preg_replace(): The /e modifier is deprecated, use preg_replace_callback instead C:\UPUPW_AP5.5\htdocs\cjxy\ThinkPHP\Lib\Template\ThinkTemplate.class.php 第 404 行.
NOTIC: [8192] preg_replace(): The /e modifier is deprecated, use preg_replace_callback instead C:\UPUPW_AP5.5\htdocs\cjxy\ThinkPHP\Lib\Template\ThinkTemplate.class.php 第 273 行.
NOTIC: [8192] preg_replace(): The /e modifier is deprecated, use preg_replace_callback instead C:\UPUPW_AP5.5\htdocs\cjxy\ThinkPHP\Lib\Template\ThinkTemplate.class.php 第 168 行.
NOTIC: [8192] preg_replace(): The /e modifier is deprecated, use preg_replace_callback instead C:\UPUPW_AP5.5\htdocs\cjxy\ThinkPHP\Lib\Template\ThinkTemplate.class.php 第 404 行.
NOTIC: [8192] preg_replace(): The /e modifier is deprecated, use preg_replace_callback instead C:\UPUPW_AP5.5\htdocs\cjxy\ThinkPHP\Lib\Template\ThinkTemplate.class.php 第 404 行.
NOTIC: [8192] preg_replace(): The /e modifier is deprecated, use preg_replace_callback instead C:\UPUPW_AP5.5\htdocs\cjxy\ThinkPHP\Lib\Template\ThinkTemplate.class.php 第 404 行.
NOTIC: [8192] preg_replace(): The /e modifier is deprecated, use preg_replace_callback instead C:\UPUPW_AP5.5\htdocs\cjxy\ThinkPHP\Lib\Template\ThinkTemplate.class.php 第 404 行.
NOTIC: [8192] preg_replace(): The /e modifier is deprecated, use preg_replace_callback instead C:\UPUPW_AP5.5\htdocs\cjxy\ThinkPHP\Lib\Template\ThinkTemplate.class.php 第 404 行.
NOTIC: [8192] preg_replace(): The /e modifier is deprecated, use preg_replace_callback instead C:\UPUPW_AP5.5\htdocs\cjxy\ThinkPHP\Lib\Template\ThinkTemplate.class.php 第 404 行.
NOTIC: [8192] preg_replace(): The /e modifier is deprecated, use preg_replace_callback instead C:\UPUPW_AP5.5\htdocs\cjxy\ThinkPHP\Lib\Template\ThinkTemplate.class.php 第 404 行.
NOTIC: [8192] preg_replace(): The /e modifier is deprecated, use preg_replace_callback instead C:\UPUPW_AP5.5\htdocs\cjxy\ThinkPHP\Lib\Template\ThinkTemplate.class.php 第 404 行.
NOTIC: [8192] preg_replace(): The /e modifier is deprecated, use preg_replace_callback instead C:\UPUPW_AP5.5\htdocs\cjxy\ThinkPHP\Lib\Template\ThinkTemplate.class.php 第 404 行.
NOTIC: [8192] preg_replace(): The /e modifier is deprecated, use preg_replace_callback instead C:\UPUPW_AP5.5\htdocs\cjxy\ThinkPHP\Lib\Template\ThinkTemplate.class.php 第 404 行.
NOTIC: [8192] preg_replace(): The /e modifier is deprecated, use preg_replace_callback instead C:\UPUPW_AP5.5\htdocs\cjxy\ThinkPHP\Lib\Template\ThinkTemplate.class.php 第 404 行.
NOTIC: [8192] preg_replace(): The /e modifier is deprecated, use preg_replace_callback instead C:\UPUPW_AP5.5\htdocs\cjxy\ThinkPHP\Lib\Template\ThinkTemplate.class.php 第 404 行.
NOTIC: [8192] preg_replace(): The /e modifier is deprecated, use preg_replace_callback instead C:\UPUPW_AP5.5\htdocs\cjxy\ThinkPHP\Lib\Template\ThinkTemplate.class.php 第 399 行.
NOTIC: [8192] preg_replace(): The /e modifier is deprecated, use preg_replace_callback instead C:\UPUPW_AP5.5\htdocs\cjxy\ThinkPHP\Lib\Template\ThinkTemplate.class.php 第 399 行.
NOTIC: [8192] preg_replace(): The /e modifier is deprecated, use preg_replace_callback instead C:\UPUPW_AP5.5\htdocs\cjxy\ThinkPHP\Lib\Template\ThinkTemplate.class.php 第 404 行.
NOTIC: [8192] preg_replace(): The /e modifier is deprecated, use preg_replace_callback instead C:\UPUPW_AP5.5\htdocs\cjxy\ThinkPHP\Lib\Template\ThinkTemplate.class.php 第 404 行.
NOTIC: [8192] preg_replace(): The /e modifier is deprecated, use preg_replace_callback instead C:\UPUPW_AP5.5\htdocs\cjxy\ThinkPHP\Lib\Template\ThinkTemplate.class.php 第 404 行.
NOTIC: [8192] preg_replace(): The /e modifier is deprecated, use preg_replace_callback instead C:\UPUPW_AP5.5\htdocs\cjxy\ThinkPHP\Lib\Template\ThinkTemplate.class.php 第 399 行.
NOTIC: [8192] preg_replace(): The /e modifier is deprecated, use preg_replace_callback instead C:\UPUPW_AP5.5\htdocs\cjxy\ThinkPHP\Lib\Template\ThinkTemplate.class.php 第 404 行.
NOTIC: [8192] preg_replace(): The /e modifier is deprecated, use preg_replace_callback instead C:\UPUPW_AP5.5\htdocs\cjxy\ThinkPHP\Lib\Template\ThinkTemplate.class.php 第 404 行.
NOTIC: [8192] preg_replace(): The /e modifier is deprecated, use preg_replace_callback instead C:\UPUPW_AP5.5\htdocs\cjxy\ThinkPHP\Lib\Template\ThinkTemplate.class.php 第 404 行.
NOTIC: [8192] preg_replace(): The /e modifier is deprecated, use preg_replace_callback instead C:\UPUPW_AP5.5\htdocs\cjxy\ThinkPHP\Lib\Template\ThinkTemplate.class.php 第 404 行.
NOTIC: [8192] preg_replace(): The /e modifier is deprecated, use preg_replace_callback instead C:\UPUPW_AP5.5\htdocs\cjxy\ThinkPHP\Lib\Template\ThinkTemplate.class.php 第 404 行.
NOTIC: [8192] preg_replace(): The /e modifier is deprecated, use preg_replace_callback instead C:\UPUPW_AP5.5\htdocs\cjxy\ThinkPHP\Lib\Template\ThinkTemplate.class.php 第 404 行.
NOTIC: [8192] preg_replace(): The /e modifier is deprecated, use preg_replace_callback instead C:\UPUPW_AP5.5\htdocs\cjxy\ThinkPHP\Lib\Template\ThinkTemplate.class.php 第 404 行.
NOTIC: [8192] preg_replace(): The /e modifier is deprecated, use preg_replace_callback instead C:\UPUPW_AP5.5\htdocs\cjxy\ThinkPHP\Lib\Template\ThinkTemplate.class.php 第 404 行.
NOTIC: [8192] preg_replace(): The /e modifier is deprecated, use preg_replace_callback instead C:\UPUPW_AP5.5\htdocs\cjxy\ThinkPHP\Lib\Template\ThinkTemplate.class.php 第 404 行.
NOTIC: [8192] preg_replace(): The /e modifier is deprecated, use preg_replace_callback instead C:\UPUPW_AP5.5\htdocs\cjxy\ThinkPHP\Lib\Template\ThinkTemplate.class.php 第 404 行.
NOTIC: [8192] preg_replace(): The /e modifier is deprecated, use preg_replace_callback instead C:\UPUPW_AP5.5\htdocs\cjxy\ThinkPHP\Lib\Template\ThinkTemplate.class.php 第 404 行.
NOTIC: [8192] preg_replace(): The /e modifier is deprecated, use preg_replace_callback instead C:\UPUPW_AP5.5\htdocs\cjxy\ThinkPHP\Lib\Template\ThinkTemplate.class.php 第 404 行.
NOTIC: [8192] preg_replace(): The /e modifier is deprecated, use preg_replace_callback instead C:\UPUPW_AP5.5\htdocs\cjxy\ThinkPHP\Lib\Template\ThinkTemplate.class.php 第 404 行.
NOTIC: [8192] preg_replace(): The /e modifier is deprecated, use preg_replace_callback instead C:\UPUPW_AP5.5\htdocs\cjxy\ThinkPHP\Lib\Template\ThinkTemplate.class.php 第 404 行.
NOTIC: [8192] preg_replace(): The /e modifier is deprecated, use preg_replace_callback instead C:\UPUPW_AP5.5\htdocs\cjxy\ThinkPHP\Lib\Template\ThinkTemplate.class.php 第 404 行.
NOTIC: [8192] preg_replace(): The /e modifier is deprecated, use preg_replace_callback instead C:\UPUPW_AP5.5\htdocs\cjxy\ThinkPHP\Lib\Template\ThinkTemplate.class.php 第 404 行.
NOTIC: [8192] preg_replace(): The /e modifier is deprecated, use preg_replace_callback instead C:\UPUPW_AP5.5\htdocs\cjxy\ThinkPHP\Lib\Template\ThinkTemplate.class.php 第 404 行.
NOTIC: [8192] preg_replace(): The /e modifier is deprecated, use preg_replace_callback instead C:\UPUPW_AP5.5\htdocs\cjxy\ThinkPHP\Lib\Template\ThinkTemplate.class.php 第 404 行.
NOTIC: [8192] preg_replace(): The /e modifier is deprecated, use preg_replace_callback instead C:\UPUPW_AP5.5\htdocs\cjxy\ThinkPHP\Lib\Template\ThinkTemplate.class.php 第 404 行.
NOTIC: [8192] preg_replace(): The /e modifier is deprecated, use preg_replace_callback instead C:\UPUPW_AP5.5\htdocs\cjxy\ThinkPHP\Lib\Template\ThinkTemplate.class.php 第 404 行.
NOTIC: [8192] preg_replace(): The /e modifier is deprecated, use preg_replace_callback instead C:\UPUPW_AP5.5\htdocs\cjxy\ThinkPHP\Lib\Template\ThinkTemplate.class.php 第 404 行.
NOTIC: [8192] preg_replace(): The /e modifier is deprecated, use preg_replace_callback instead C:\UPUPW_AP5.5\htdocs\cjxy\ThinkPHP\Lib\Template\ThinkTemplate.class.php 第 404 行.
NOTIC: [8192] preg_replace(): The /e modifier is deprecated, use preg_replace_callback instead C:\UPUPW_AP5.5\htdocs\cjxy\ThinkPHP\Lib\Template\ThinkTemplate.class.php 第 404 行.
NOTIC: [8192] preg_replace(): The /e modifier is deprecated, use preg_replace_callback instead C:\UPUPW_AP5.5\htdocs\cjxy\ThinkPHP\Lib\Template\ThinkTemplate.class.php 第 404 行.
NOTIC: [8192] preg_replace(): The /e modifier is deprecated, use preg_replace_callback instead C:\UPUPW_AP5.5\htdocs\cjxy\ThinkPHP\Lib\Template\ThinkTemplate.class.php 第 404 行.
NOTIC: [8192] preg_replace(): The /e modifier is deprecated, use preg_replace_callback instead C:\UPUPW_AP5.5\htdocs\cjxy\ThinkPHP\Lib\Template\ThinkTemplate.class.php 第 404 行.
NOTIC: [8192] preg_replace(): The /e modifier is deprecated, use preg_replace_callback instead C:\UPUPW_AP5.5\htdocs\cjxy\ThinkPHP\Lib\Template\ThinkTemplate.class.php 第 404 行.
NOTIC: [8192] preg_replace(): The /e modifier is deprecated, use preg_replace_callback instead C:\UPUPW_AP5.5\htdocs\cjxy\ThinkPHP\Lib\Template\ThinkTemplate.class.php 第 404 行.
NOTIC: [8192] preg_replace(): The /e modifier is deprecated, use preg_replace_callback instead C:\UPUPW_AP5.5\htdocs\cjxy\ThinkPHP\Lib\Template\ThinkTemplate.class.php 第 404 行.
NOTIC: [8192] preg_replace(): The /e modifier is deprecated, use preg_replace_callback instead C:\UPUPW_AP5.5\htdocs\cjxy\ThinkPHP\Lib\Template\ThinkTemplate.class.php 第 404 行.
NOTIC: [8192] preg_replace(): The /e modifier is deprecated, use preg_replace_callback instead C:\UPUPW_AP5.5\htdocs\cjxy\ThinkPHP\Lib\Template\ThinkTemplate.class.php 第 404 行.
NOTIC: [8192] preg_replace(): The /e modifier is deprecated, use preg_replace_callback instead C:\UPUPW_AP5.5\htdocs\cjxy\ThinkPHP\Lib\Template\ThinkTemplate.class.php 第 404 行.
NOTIC: [8192] preg_replace(): The /e modifier is deprecated, use preg_replace_callback instead C:\UPUPW_AP5.5\htdocs\cjxy\ThinkPHP\Lib\Template\ThinkTemplate.class.php 第 404 行.
NOTIC: [8192] preg_replace(): The /e modifier is deprecated, use preg_replace_callback instead C:\UPUPW_AP5.5\htdocs\cjxy\ThinkPHP\Lib\Template\ThinkTemplate.class.php 第 404 行.
NOTIC: [8192] preg_replace(): The /e modifier is deprecated, use preg_replace_callback instead C:\UPUPW_AP5.5\htdocs\cjxy\ThinkPHP\Lib\Template\ThinkTemplate.class.php 第 404 行.
NOTIC: [8192] preg_replace(): The /e modifier is deprecated, use preg_replace_callback instead C:\UPUPW_AP5.5\htdocs\cjxy\ThinkPHP\Lib\Template\ThinkTemplate.class.php 第 404 行.
NOTIC: [8192] preg_replace(): The /e modifier is deprecated, use preg_replace_callback instead C:\UPUPW_AP5.5\htdocs\cjxy\ThinkPHP\Lib\Template\ThinkTemplate.class.php 第 404 行.
NOTIC: [8192] preg_replace(): The /e modifier is deprecated, use preg_replace_callback instead C:\UPUPW_AP5.5\htdocs\cjxy\ThinkPHP\Lib\Template\ThinkTemplate.class.php 第 404 行.
NOTIC: [8192] preg_replace(): The /e modifier is deprecated, use preg_replace_callback instead C:\UPUPW_AP5.5\htdocs\cjxy\ThinkPHP\Lib\Template\ThinkTemplate.class.php 第 404 行.
NOTIC: [8192] preg_replace(): The /e modifier is deprecated, use preg_replace_callback instead C:\UPUPW_AP5.5\htdocs\cjxy\ThinkPHP\Lib\Template\ThinkTemplate.class.php 第 404 行.
NOTIC: [8192] preg_replace(): The /e modifier is deprecated, use preg_replace_callback instead C:\UPUPW_AP5.5\htdocs\cjxy\ThinkPHP\Lib\Template\ThinkTemplate.class.php 第 404 行.
NOTIC: [8192] preg_replace(): The /e modifier is deprecated, use preg_replace_callback instead C:\UPUPW_AP5.5\htdocs\cjxy\ThinkPHP\Lib\Template\ThinkTemplate.class.php 第 404 行.
NOTIC: [8192] preg_replace(): The /e modifier is deprecated, use preg_replace_callback instead C:\UPUPW_AP5.5\htdocs\cjxy\ThinkPHP\Lib\Template\ThinkTemplate.class.php 第 404 行.
NOTIC: [8192] preg_replace(): The /e modifier is deprecated, use preg_replace_callback instead C:\UPUPW_AP5.5\htdocs\cjxy\ThinkPHP\Lib\Template\ThinkTemplate.class.php 第 404 行.
NOTIC: [8192] preg_replace(): The /e modifier is deprecated, use preg_replace_callback instead C:\UPUPW_AP5.5\htdocs\cjxy\ThinkPHP\Lib\Template\ThinkTemplate.class.php 第 404 行.
NOTIC: [8192] preg_replace(): The /e modifier is deprecated, use preg_replace_callback instead C:\UPUPW_AP5.5\htdocs\cjxy\ThinkPHP\Lib\Template\ThinkTemplate.class.php 第 404 行.
NOTIC: [8192] preg_replace(): The /e modifier is deprecated, use preg_replace_callback instead C:\UPUPW_AP5.5\htdocs\cjxy\ThinkPHP\Lib\Template\ThinkTemplate.class.php 第 404 行.
NOTIC: [8192] preg_replace(): The /e modifier is deprecated, use preg_replace_callback instead C:\UPUPW_AP5.5\htdocs\cjxy\ThinkPHP\Lib\Template\ThinkTemplate.class.php 第 404 行.
NOTIC: [8192] preg_replace(): The /e modifier is deprecated, use preg_replace_callback instead C:\UPUPW_AP5.5\htdocs\cjxy\ThinkPHP\Lib\Template\ThinkTemplate.class.php 第 404 行.
NOTIC: [8192] preg_replace(): The /e modifier is deprecated, use preg_replace_callback instead C:\UPUPW_AP5.5\htdocs\cjxy\ThinkPHP\Lib\Template\ThinkTemplate.class.php 第 404 行.
NOTIC: [8192] preg_replace(): The /e modifier is deprecated, use preg_replace_callback instead C:\UPUPW_AP5.5\htdocs\cjxy\ThinkPHP\Lib\Template\ThinkTemplate.class.php 第 404 行.
NOTIC: [8192] preg_replace(): The /e modifier is deprecated, use preg_replace_callback instead C:\UPUPW_AP5.5\htdocs\cjxy\ThinkPHP\Lib\Template\ThinkTemplate.class.php 第 404 行.
NOTIC: [8192] preg_replace(): The /e modifier is deprecated, use preg_replace_callback instead C:\UPUPW_AP5.5\htdocs\cjxy\ThinkPHP\Lib\Template\ThinkTemplate.class.php 第 404 行.
NOTIC: [8192] preg_replace(): The /e modifier is deprecated, use preg_replace_callback instead C:\UPUPW_AP5.5\htdocs\cjxy\ThinkPHP\Lib\Template\ThinkTemplate.class.php 第 404 行.
NOTIC: [8192] preg_replace(): The /e modifier is deprecated, use preg_replace_callback instead C:\UPUPW_AP5.5\htdocs\cjxy\ThinkPHP\Lib\Template\ThinkTemplate.class.php 第 404 行.
NOTIC: [8192] preg_replace(): The /e modifier is deprecated, use preg_replace_callback instead C:\UPUPW_AP5.5\htdocs\cjxy\ThinkPHP\Lib\Template\ThinkTemplate.class.php 第 404 行.
NOTIC: [8192] preg_replace(): The /e modifier is deprecated, use preg_replace_callback instead C:\UPUPW_AP5.5\htdocs\cjxy\ThinkPHP\Lib\Template\ThinkTemplate.class.php 第 404 行.
NOTIC: [8192] preg_replace(): The /e modifier is deprecated, use preg_replace_callback instead C:\UPUPW_AP5.5\htdocs\cjxy\ThinkPHP\Lib\Template\ThinkTemplate.class.php 第 404 行.
NOTIC: [8192] preg_replace(): The /e modifier is deprecated, use preg_replace_callback instead C:\UPUPW_AP5.5\htdocs\cjxy\ThinkPHP\Lib\Template\ThinkTemplate.class.php 第 404 行.
NOTIC: [8192] preg_replace(): The /e modifier is deprecated, use preg_replace_callback instead C:\UPUPW_AP5.5\htdocs\cjxy\ThinkPHP\Lib\Template\ThinkTemplate.class.php 第 404 行.
NOTIC: [8192] preg_replace(): The /e modifier is deprecated, use preg_replace_callback instead C:\UPUPW_AP5.5\htdocs\cjxy\ThinkPHP\Lib\Template\ThinkTemplate.class.php 第 404 行.
NOTIC: [8192] preg_replace(): The /e modifier is deprecated, use preg_replace_callback instead C:\UPUPW_AP5.5\htdocs\cjxy\ThinkPHP\Lib\Template\ThinkTemplate.class.php 第 404 行.
NOTIC: [8192] preg_replace(): The /e modifier is deprecated, use preg_replace_callback instead C:\UPUPW_AP5.5\htdocs\cjxy\ThinkPHP\Lib\Template\ThinkTemplate.class.php 第 404 行.
NOTIC: [8192] preg_replace(): The /e modifier is deprecated, use preg_replace_callback instead C:\UPUPW_AP5.5\htdocs\cjxy\ThinkPHP\Lib\Template\ThinkTemplate.class.php 第 404 行.
NOTIC: [8192] preg_replace(): The /e modifier is deprecated, use preg_replace_callback instead C:\UPUPW_AP5.5\htdocs\cjxy\ThinkPHP\Lib\Template\ThinkTemplate.class.php 第 404 行.
NOTIC: [8192] preg_replace(): The /e modifier is deprecated, use preg_replace_callback instead C:\UPUPW_AP5.5\htdocs\cjxy\ThinkPHP\Lib\Template\ThinkTemplate.class.php 第 404 行.
NOTIC: [8192] preg_replace(): The /e modifier is deprecated, use preg_replace_callback instead C:\UPUPW_AP5.5\htdocs\cjxy\ThinkPHP\Lib\Template\ThinkTemplate.class.php 第 399 行.
NOTIC: [8192] preg_replace(): The /e modifier is deprecated, use preg_replace_callback instead C:\UPUPW_AP5.5\htdocs\cjxy\ThinkPHP\Lib\Template\ThinkTemplate.class.php 第 399 行.
NOTIC: [8192] preg_replace(): The /e modifier is deprecated, use preg_replace_callback instead C:\UPUPW_AP5.5\htdocs\cjxy\ThinkPHP\Lib\Template\ThinkTemplate.class.php 第 399 行.
NOTIC: [8192] preg_replace(): The /e modifier is deprecated, use preg_replace_callback instead C:\UPUPW_AP5.5\htdocs\cjxy\ThinkPHP\Lib\Template\ThinkTemplate.class.php 第 399 行.
NOTIC: [8192] preg_replace(): The /e modifier is deprecated, use preg_replace_callback instead C:\UPUPW_AP5.5\htdocs\cjxy\ThinkPHP\Lib\Template\ThinkTemplate.class.php 第 399 行.
NOTIC: [8192] preg_replace(): The /e modifier is deprecated, use preg_replace_callback instead C:\UPUPW_AP5.5\htdocs\cjxy\ThinkPHP\Lib\Template\ThinkTemplate.class.php 第 399 行.
NOTIC: [8192] preg_replace(): The /e modifier is deprecated, use preg_replace_callback instead C:\UPUPW_AP5.5\htdocs\cjxy\ThinkPHP\Lib\Template\ThinkTemplate.class.php 第 404 行.
NOTIC: [8192] preg_replace(): The /e modifier is deprecated, use preg_replace_callback instead C:\UPUPW_AP5.5\htdocs\cjxy\ThinkPHP\Lib\Template\ThinkTemplate.class.php 第 404 行.
NOTIC: [8192] preg_replace(): The /e modifier is deprecated, use preg_replace_callback instead C:\UPUPW_AP5.5\htdocs\cjxy\ThinkPHP\Lib\Template\ThinkTemplate.class.php 第 404 行.
NOTIC: [8192] preg_replace(): The /e modifier is deprecated, use preg_replace_callback instead C:\UPUPW_AP5.5\htdocs\cjxy\ThinkPHP\Lib\Template\ThinkTemplate.class.php 第 197 行.
NOTIC: [8192] preg_replace(): The /e modifier is deprecated, use preg_replace_callback instead C:\UPUPW_AP5.5\htdocs\cjxy\ThinkPHP\Lib\Template\ThinkTemplate.class.php 第 404 行.
NOTIC: [8192] preg_replace(): The /e modifier is deprecated, use preg_replace_callback instead C:\UPUPW_AP5.5\htdocs\cjxy\ThinkPHP\Lib\Template\ThinkTemplate.class.php 第 404 行.
NOTIC: [8192] preg_replace(): The /e modifier is deprecated, use preg_replace_callback instead C:\UPUPW_AP5.5\htdocs\cjxy\ThinkPHP\Lib\Template\ThinkTemplate.class.php 第 404 行.
NOTIC: [8192] preg_replace(): The /e modifier is deprecated, use preg_replace_callback instead C:\UPUPW_AP5.5\htdocs\cjxy\ThinkPHP\Lib\Template\ThinkTemplate.class.php 第 404 行.
NOTIC: [8192] preg_replace(): The /e modifier is deprecated, use preg_replace_callback instead C:\UPUPW_AP5.5\htdocs\cjxy\ThinkPHP\Lib\Template\ThinkTemplate.class.php 第 404 行.
NOTIC: [8192] preg_replace(): The /e modifier is deprecated, use preg_replace_callback instead C:\UPUPW_AP5.5\htdocs\cjxy\ThinkPHP\Lib\Template\ThinkTemplate.class.php 第 404 行.
NOTIC: [8192] preg_replace(): The /e modifier is deprecated, use preg_replace_callback instead C:\UPUPW_AP5.5\htdocs\cjxy\ThinkPHP\Lib\Template\ThinkTemplate.class.php 第 399 行.
NOTIC: [8192] preg_replace(): The /e modifier is deprecated, use preg_replace_callback instead C:\UPUPW_AP5.5\htdocs\cjxy\ThinkPHP\Lib\Template\ThinkTemplate.class.php 第 399 行.
NOTIC: [8192] preg_replace(): The /e modifier is deprecated, use preg_replace_callback instead C:\UPUPW_AP5.5\htdocs\cjxy\ThinkPHP\Lib\Template\ThinkTemplate.class.php 第 404 行.
NOTIC: [8192] preg_replace(): The /e modifier is deprecated, use preg_replace_callback instead C:\UPUPW_AP5.5\htdocs\cjxy\ThinkPHP\Lib\Template\ThinkTemplate.class.php 第 404 行.
NOTIC: [8192] preg_replace(): The /e modifier is deprecated, use preg_replace_callback instead C:\UPUPW_AP5.5\htdocs\cjxy\ThinkPHP\Lib\Template\ThinkTemplate.class.php 第 404 行.
NOTIC: [8192] preg_replace(): The /e modifier is deprecated, use preg_replace_callback instead C:\UPUPW_AP5.5\htdocs\cjxy\ThinkPHP\Lib\Template\ThinkTemplate.class.php 第 399 行.
NOTIC: [8192] preg_replace(): The /e modifier is deprecated, use preg_replace_callback instead C:\UPUPW_AP5.5\htdocs\cjxy\ThinkPHP\Lib\Template\ThinkTemplate.class.php 第 404 行.
NOTIC: [8192] preg_replace(): The /e modifier is deprecated, use preg_replace_callback instead C:\UPUPW_AP5.5\htdocs\cjxy\ThinkPHP\Lib\Template\ThinkTemplate.class.php 第 404 行.
NOTIC: [8192] preg_replace(): The /e modifier is deprecated, use preg_replace_callback instead C:\UPUPW_AP5.5\htdocs\cjxy\ThinkPHP\Lib\Template\ThinkTemplate.class.php 第 404 行.
NOTIC: [8192] preg_replace(): The /e modifier is deprecated, use preg_replace_callback instead C:\UPUPW_AP5.5\htdocs\cjxy\ThinkPHP\Lib\Template\ThinkTemplate.class.php 第 404 行.
NOTIC: [8192] preg_replace(): The /e modifier is deprecated, use preg_replace_callback instead C:\UPUPW_AP5.5\htdocs\cjxy\ThinkPHP\Lib\Template\ThinkTemplate.class.php 第 404 行.
NOTIC: [8192] preg_replace(): The /e modifier is deprecated, use preg_replace_callback instead C:\UPUPW_AP5.5\htdocs\cjxy\ThinkPHP\Lib\Template\ThinkTemplate.class.php 第 404 行.
NOTIC: [8192] preg_replace(): The /e modifier is deprecated, use preg_replace_callback instead C:\UPUPW_AP5.5\htdocs\cjxy\ThinkPHP\Lib\Template\ThinkTemplate.class.php 第 404 行.
NOTIC: [8192] preg_replace(): The /e modifier is deprecated, use preg_replace_callback instead C:\UPUPW_AP5.5\htdocs\cjxy\ThinkPHP\Lib\Template\ThinkTemplate.class.php 第 404 行.
NOTIC: [8192] preg_replace(): The /e modifier is deprecated, use preg_replace_callback instead C:\UPUPW_AP5.5\htdocs\cjxy\ThinkPHP\Lib\Template\ThinkTemplate.class.php 第 404 行.
NOTIC: [8192] preg_replace(): The /e modifier is deprecated, use preg_replace_callback instead C:\UPUPW_AP5.5\htdocs\cjxy\ThinkPHP\Lib\Template\ThinkTemplate.class.php 第 404 行.
NOTIC: [8192] preg_replace(): The /e modifier is deprecated, use preg_replace_callback instead C:\UPUPW_AP5.5\htdocs\cjxy\ThinkPHP\Lib\Template\ThinkTemplate.class.php 第 404 行.
NOTIC: [8192] preg_replace(): The /e modifier is deprecated, use preg_replace_callback instead C:\UPUPW_AP5.5\htdocs\cjxy\ThinkPHP\Lib\Template\ThinkTemplate.class.php 第 404 行.
NOTIC: [8192] preg_replace(): The /e modifier is deprecated, use preg_replace_callback instead C:\UPUPW_AP5.5\htdocs\cjxy\ThinkPHP\Lib\Template\ThinkTemplate.class.php 第 404 行.
NOTIC: [8192] preg_replace(): The /e modifier is deprecated, use preg_replace_callback instead C:\UPUPW_AP5.5\htdocs\cjxy\ThinkPHP\Lib\Template\ThinkTemplate.class.php 第 404 行.
NOTIC: [8192] preg_replace(): The /e modifier is deprecated, use preg_replace_callback instead C:\UPUPW_AP5.5\htdocs\cjxy\ThinkPHP\Lib\Template\ThinkTemplate.class.php 第 404 行.
NOTIC: [8192] preg_replace(): The /e modifier is deprecated, use preg_replace_callback instead C:\UPUPW_AP5.5\htdocs\cjxy\ThinkPHP\Lib\Template\ThinkTemplate.class.php 第 404 行.
NOTIC: [8192] preg_replace(): The /e modifier is deprecated, use preg_replace_callback instead C:\UPUPW_AP5.5\htdocs\cjxy\ThinkPHP\Lib\Template\ThinkTemplate.class.php 第 404 行.
NOTIC: [8192] preg_replace(): The /e modifier is deprecated, use preg_replace_callback instead C:\UPUPW_AP5.5\htdocs\cjxy\ThinkPHP\Lib\Template\ThinkTemplate.class.php 第 404 行.
NOTIC: [8192] preg_replace(): The /e modifier is deprecated, use preg_replace_callback instead C:\UPUPW_AP5.5\htdocs\cjxy\ThinkPHP\Lib\Template\ThinkTemplate.class.php 第 404 行.
NOTIC: [8192] preg_replace(): The /e modifier is deprecated, use preg_replace_callback instead C:\UPUPW_AP5.5\htdocs\cjxy\ThinkPHP\Lib\Template\ThinkTemplate.class.php 第 404 行.
NOTIC: [8192] preg_replace(): The /e modifier is deprecated, use preg_replace_callback instead C:\UPUPW_AP5.5\htdocs\cjxy\ThinkPHP\Lib\Template\ThinkTemplate.class.php 第 404 行.
NOTIC: [8192] preg_replace(): The /e modifier is deprecated, use preg_replace_callback instead C:\UPUPW_AP5.5\htdocs\cjxy\ThinkPHP\Lib\Template\ThinkTemplate.class.php 第 404 行.
NOTIC: [8192] preg_replace(): The /e modifier is deprecated, use preg_replace_callback instead C:\UPUPW_AP5.5\htdocs\cjxy\ThinkPHP\Lib\Template\ThinkTemplate.class.php 第 404 行.
NOTIC: [8192] preg_replace(): The /e modifier is deprecated, use preg_replace_callback instead C:\UPUPW_AP5.5\htdocs\cjxy\ThinkPHP\Lib\Template\ThinkTemplate.class.php 第 404 行.
NOTIC: [8192] preg_replace(): The /e modifier is deprecated, use preg_replace_callback instead C:\UPUPW_AP5.5\htdocs\cjxy\ThinkPHP\Lib\Template\ThinkTemplate.class.php 第 404 行.
NOTIC: [8192] preg_replace(): The /e modifier is deprecated, use preg_replace_callback instead C:\UPUPW_AP5.5\htdocs\cjxy\ThinkPHP\Lib\Template\ThinkTemplate.class.php 第 404 行.
NOTIC: [8192] preg_replace(): The /e modifier is deprecated, use preg_replace_callback instead C:\UPUPW_AP5.5\htdocs\cjxy\ThinkPHP\Lib\Template\ThinkTemplate.class.php 第 404 行.
NOTIC: [8192] preg_replace(): The /e modifier is deprecated, use preg_replace_callback instead C:\UPUPW_AP5.5\htdocs\cjxy\ThinkPHP\Lib\Template\ThinkTemplate.class.php 第 404 行.
NOTIC: [8192] preg_replace(): The /e modifier is deprecated, use preg_replace_callback instead C:\UPUPW_AP5.5\htdocs\cjxy\ThinkPHP\Lib\Template\ThinkTemplate.class.php 第 404 行.
NOTIC: [8192] preg_replace(): The /e modifier is deprecated, use preg_replace_callback instead C:\UPUPW_AP5.5\htdocs\cjxy\ThinkPHP\Lib\Template\ThinkTemplate.class.php 第 404 行.
NOTIC: [8192] preg_replace(): The /e modifier is deprecated, use preg_replace_callback instead C:\UPUPW_AP5.5\htdocs\cjxy\ThinkPHP\Lib\Template\ThinkTemplate.class.php 第 404 行.
NOTIC: [8192] preg_replace(): The /e modifier is deprecated, use preg_replace_callback instead C:\UPUPW_AP5.5\htdocs\cjxy\ThinkPHP\Lib\Template\ThinkTemplate.class.php 第 404 行.
NOTIC: [8192] preg_replace(): The /e modifier is deprecated, use preg_replace_callback instead C:\UPUPW_AP5.5\htdocs\cjxy\ThinkPHP\Lib\Template\ThinkTemplate.class.php 第 404 行.
NOTIC: [8192] preg_replace(): The /e modifier is deprecated, use preg_replace_callback instead C:\UPUPW_AP5.5\htdocs\cjxy\ThinkPHP\Lib\Template\ThinkTemplate.class.php 第 404 行.
NOTIC: [8192] preg_replace(): The /e modifier is deprecated, use preg_replace_callback instead C:\UPUPW_AP5.5\htdocs\cjxy\ThinkPHP\Lib\Template\ThinkTemplate.class.php 第 404 行.
NOTIC: [8192] preg_replace(): The /e modifier is deprecated, use preg_replace_callback instead C:\UPUPW_AP5.5\htdocs\cjxy\ThinkPHP\Lib\Template\ThinkTemplate.class.php 第 404 行.
NOTIC: [8192] preg_replace(): The /e modifier is deprecated, use preg_replace_callback instead C:\UPUPW_AP5.5\htdocs\cjxy\ThinkPHP\Lib\Template\ThinkTemplate.class.php 第 404 行.
NOTIC: [8192] preg_replace(): The /e modifier is deprecated, use preg_replace_callback instead C:\UPUPW_AP5.5\htdocs\cjxy\ThinkPHP\Lib\Template\ThinkTemplate.class.php 第 404 行.
NOTIC: [8192] preg_replace(): The /e modifier is deprecated, use preg_replace_callback instead C:\UPUPW_AP5.5\htdocs\cjxy\ThinkPHP\Lib\Template\ThinkTemplate.class.php 第 404 行.
NOTIC: [8192] preg_replace(): The /e modifier is deprecated, use preg_replace_callback instead C:\UPUPW_AP5.5\htdocs\cjxy\ThinkPHP\Lib\Template\ThinkTemplate.class.php 第 404 行.
NOTIC: [8192] preg_replace(): The /e modifier is deprecated, use preg_replace_callback instead C:\UPUPW_AP5.5\htdocs\cjxy\ThinkPHP\Lib\Template\ThinkTemplate.class.php 第 404 行.
NOTIC: [8192] preg_replace(): The /e modifier is deprecated, use preg_replace_callback instead C:\UPUPW_AP5.5\htdocs\cjxy\ThinkPHP\Lib\Template\ThinkTemplate.class.php 第 404 行.
NOTIC: [8192] preg_replace(): The /e modifier is deprecated, use preg_replace_callback instead C:\UPUPW_AP5.5\htdocs\cjxy\ThinkPHP\Lib\Template\ThinkTemplate.class.php 第 404 行.
NOTIC: [8192] preg_replace(): The /e modifier is deprecated, use preg_replace_callback instead C:\UPUPW_AP5.5\htdocs\cjxy\ThinkPHP\Lib\Template\ThinkTemplate.class.php 第 404 行.
NOTIC: [8192] preg_replace(): The /e modifier is deprecated, use preg_replace_callback instead C:\UPUPW_AP5.5\htdocs\cjxy\ThinkPHP\Lib\Template\ThinkTemplate.class.php 第 404 行.
NOTIC: [8192] preg_replace(): The /e modifier is deprecated, use preg_replace_callback instead C:\UPUPW_AP5.5\htdocs\cjxy\ThinkPHP\Lib\Template\ThinkTemplate.class.php 第 404 行.
NOTIC: [8192] preg_replace(): The /e modifier is deprecated, use preg_replace_callback instead C:\UPUPW_AP5.5\htdocs\cjxy\ThinkPHP\Lib\Template\ThinkTemplate.class.php 第 404 行.
NOTIC: [8192] preg_replace(): The /e modifier is deprecated, use preg_replace_callback instead C:\UPUPW_AP5.5\htdocs\cjxy\ThinkPHP\Lib\Template\ThinkTemplate.class.php 第 404 行.
NOTIC: [8192] preg_replace(): The /e modifier is deprecated, use preg_replace_callback instead C:\UPUPW_AP5.5\htdocs\cjxy\ThinkPHP\Lib\Template\ThinkTemplate.class.php 第 404 行.
NOTIC: [8192] preg_replace(): The /e modifier is deprecated, use preg_replace_callback instead C:\UPUPW_AP5.5\htdocs\cjxy\ThinkPHP\Lib\Template\ThinkTemplate.class.php 第 404 行.
NOTIC: [8192] preg_replace(): The /e modifier is deprecated, use preg_replace_callback instead C:\UPUPW_AP5.5\htdocs\cjxy\ThinkPHP\Lib\Template\ThinkTemplate.class.php 第 404 行.
NOTIC: [8192] preg_replace(): The /e modifier is deprecated, use preg_replace_callback instead C:\UPUPW_AP5.5\htdocs\cjxy\ThinkPHP\Lib\Template\ThinkTemplate.class.php 第 404 行.
NOTIC: [8192] preg_replace(): The /e modifier is deprecated, use preg_replace_callback instead C:\UPUPW_AP5.5\htdocs\cjxy\ThinkPHP\Lib\Template\ThinkTemplate.class.php 第 404 行.
NOTIC: [8192] preg_replace(): The /e modifier is deprecated, use preg_replace_callback instead C:\UPUPW_AP5.5\htdocs\cjxy\ThinkPHP\Lib\Template\ThinkTemplate.class.php 第 404 行.
NOTIC: [8192] preg_replace(): The /e modifier is deprecated, use preg_replace_callback instead C:\UPUPW_AP5.5\htdocs\cjxy\ThinkPHP\Lib\Template\ThinkTemplate.class.php 第 404 行.
NOTIC: [8192] preg_replace(): The /e modifier is deprecated, use preg_replace_callback instead C:\UPUPW_AP5.5\htdocs\cjxy\ThinkPHP\Lib\Template\ThinkTemplate.class.php 第 404 行.
NOTIC: [8192] preg_replace(): The /e modifier is deprecated, use preg_replace_callback instead C:\UPUPW_AP5.5\htdocs\cjxy\ThinkPHP\Lib\Template\ThinkTemplate.class.php 第 404 行.
NOTIC: [8192] preg_replace(): The /e modifier is deprecated, use preg_replace_callback instead C:\UPUPW_AP5.5\htdocs\cjxy\ThinkPHP\Lib\Template\ThinkTemplate.class.php 第 404 行.
NOTIC: [8192] preg_replace(): The /e modifier is deprecated, use preg_replace_callback instead C:\UPUPW_AP5.5\htdocs\cjxy\ThinkPHP\Lib\Template\ThinkTemplate.class.php 第 404 行.
NOTIC: [8192] preg_replace(): The /e modifier is deprecated, use preg_replace_callback instead C:\UPUPW_AP5.5\htdocs\cjxy\ThinkPHP\Lib\Template\ThinkTemplate.class.php 第 404 行.
NOTIC: [8192] preg_replace(): The /e modifier is deprecated, use preg_replace_callback instead C:\UPUPW_AP5.5\htdocs\cjxy\ThinkPHP\Lib\Template\ThinkTemplate.class.php 第 404 行.
NOTIC: [8192] preg_replace(): The /e modifier is deprecated, use preg_replace_callback instead C:\UPUPW_AP5.5\htdocs\cjxy\ThinkPHP\Lib\Template\ThinkTemplate.class.php 第 404 行.
NOTIC: [8192] preg_replace(): The /e modifier is deprecated, use preg_replace_callback instead C:\UPUPW_AP5.5\htdocs\cjxy\ThinkPHP\Lib\Template\ThinkTemplate.class.php 第 404 行.
NOTIC: [8192] preg_replace(): The /e modifier is deprecated, use preg_replace_callback instead C:\UPUPW_AP5.5\htdocs\cjxy\ThinkPHP\Lib\Template\ThinkTemplate.class.php 第 404 行.
NOTIC: [8192] preg_replace(): The /e modifier is deprecated, use preg_replace_callback instead C:\UPUPW_AP5.5\htdocs\cjxy\ThinkPHP\Lib\Template\ThinkTemplate.class.php 第 404 行.
NOTIC: [8192] preg_replace(): The /e modifier is deprecated, use preg_replace_callback instead C:\UPUPW_AP5.5\htdocs\cjxy\ThinkPHP\Lib\Template\ThinkTemplate.class.php 第 404 行.
NOTIC: [8192] preg_replace(): The /e modifier is deprecated, use preg_replace_callback instead C:\UPUPW_AP5.5\htdocs\cjxy\ThinkPHP\Lib\Template\ThinkTemplate.class.php 第 399 行.
NOTIC: [8192] preg_replace(): The /e modifier is deprecated, use preg_replace_callback instead C:\UPUPW_AP5.5\htdocs\cjxy\ThinkPHP\Lib\Template\ThinkTemplate.class.php 第 399 行.
NOTIC: [8192] preg_replace(): The /e modifier is deprecated, use preg_replace_callback instead C:\UPUPW_AP5.5\htdocs\cjxy\ThinkPHP\Lib\Template\ThinkTemplate.class.php 第 399 行.
NOTIC: [8192] preg_replace(): The /e modifier is deprecated, use preg_replace_callback instead C:\UPUPW_AP5.5\htdocs\cjxy\ThinkPHP\Lib\Template\ThinkTemplate.class.php 第 399 行.
NOTIC: [8192] preg_replace(): The /e modifier is deprecated, use preg_replace_callback instead C:\UPUPW_AP5.5\htdocs\cjxy\ThinkPHP\Lib\Template\ThinkTemplate.class.php 第 399 行.
NOTIC: [8192] preg_replace(): The /e modifier is deprecated, use preg_replace_callback instead C:\UPUPW_AP5.5\htdocs\cjxy\ThinkPHP\Lib\Template\ThinkTemplate.class.php 第 399 行.
NOTIC: [8192] preg_replace(): The /e modifier is deprecated, use preg_replace_callback instead C:\UPUPW_AP5.5\htdocs\cjxy\ThinkPHP\Lib\Template\ThinkTemplate.class.php 第 404 行.
NOTIC: [8192] preg_replace(): The /e modifier is deprecated, use preg_replace_callback instead C:\UPUPW_AP5.5\htdocs\cjxy\ThinkPHP\Lib\Template\ThinkTemplate.class.php 第 404 行.
NOTIC: [8192] preg_replace(): The /e modifier is deprecated, use preg_replace_callback instead C:\UPUPW_AP5.5\htdocs\cjxy\ThinkPHP\Lib\Template\ThinkTemplate.class.php 第 404 行.
NOTIC: [8192] preg_replace(): The /e modifier is deprecated, use preg_replace_callback instead C:\UPUPW_AP5.5\htdocs\cjxy\ThinkPHP\Lib\Template\ThinkTemplate.class.php 第 197 行.
NOTIC: [8192] preg_replace(): The /e modifier is deprecated, use preg_replace_callback instead C:\UPUPW_AP5.5\htdocs\cjxy\ThinkPHP\Lib\Template\ThinkTemplate.class.php 第 137 行.
NOTIC: [8] Undefined variable: title C:\UPUPW_AP5.5\htdocs\cjxy\zspt\Runtime\Cache\506cbabe574f4b7448663a1d3cd27ba1.php 第 8 行.
NOTIC: [8] Undefined variable: lbls C:\UPUPW_AP5.5\htdocs\cjxy\zspt\Runtime\Cache\506cbabe574f4b7448663a1d3cd27ba1.php 第 87 行.
INFO: ParseTemplate Behavior ::run [ RunTime:0.201620s ]
INFO: [ view_parse ] --END-- [ RunTime:0.201716s ]
INFO: [ view_filter ] --START--
INFO: ContentReplace Behavior ::run [ RunTime:0.003633s ]
INFO: TokenBuild Behavior ::run [ RunTime:0.003418s ]
INFO: WriteHtmlCache Behavior ::run [ RunTime:0.003348s ]
INFO: ShowRuntime Behavior ::run [ RunTime:0.004439s ]
INFO: [ view_filter ] --END-- [ RunTime:0.015045s ]
INFO: [ view_end ] --START--
INFO: ShowPageTrace Behavior ::run [ RunTime:0.004205s ]
INFO: [ view_end ] --END-- [ RunTime:0.004287s ]

